I0917 20:53:19.118842  5941 upgrade_proto.cpp:1044] Attempting to upgrade input file specified using deprecated 'solver_type' field (enum)': /media/myuser/120Gb/DIGITS/digits/jobs/20160917-205317-d3aa/solver.prototxt
I0917 20:53:19.121332  5941 upgrade_proto.cpp:1051] Successfully upgraded file specified using deprecated 'solver_type' field (enum) to 'type' field (string).
W0917 20:53:19.121346  5941 upgrade_proto.cpp:1053] Note that future Caffe releases will only support 'type' field (string) for a solver's type.
I0917 20:53:19.322121  5941 caffe.cpp:197] Using GPUs 0
I0917 20:53:19.322448  5941 caffe.cpp:202] GPU 0: GeForce GTX 1070
I0917 20:53:19.937650  5941 solver.cpp:48] Initializing solver from parameters:
test_iter: 313
test_interval: 1250
base_lr: 0.01
display: 156
max_iter: 37500
lr_policy: "step"
gamma: 0.1
momentum: 0.9
weight_decay: 0.0001
stepsize: 12375
snapshot: 1250
snapshot_prefix: "snapshot"
solver_mode: GPU
device_id: 0
net: "train_val.prototxt"
iter_size: 8
type: "SGD"
I0917 20:53:19.937799  5941 solver.cpp:91] Creating training net from net file: train_val.prototxt
I0917 20:53:19.938938  5941 net.cpp:323] The NetState phase (0) differed from the phase (1) specified by a rule in layer val-data
I0917 20:53:19.938977  5941 net.cpp:323] The NetState phase (0) differed from the phase (1) specified by a rule in layer accuracy
I0917 20:53:19.939231  5941 net.cpp:52] Initializing net from parameters:
state {
phase: TRAIN
}
layer {
name: "train-data"
type: "Data"
top: "data"
top: "label"
include {
phase: TRAIN
}
transform_param {
mirror: true
crop_size: 224
mean_file: "/media/myuser/120Gb/DIGITS/digits/jobs/20160917-133511-8c62/mean.binaryproto"
}
data_param {
source: "/media/myuser/120Gb/DIGITS/digits/jobs/20160917-133511-8c62/train_db"
batch_size: 16
backend: LMDB
}
}
layer {
name: "conv1_1"
type: "Convolution"
bottom: "data"
top: "conv1_1"
convolution_param {
num_output: 64
pad: 1
kernel_size: 3
weight_filler {
type: "xavier"
}
bias_filler {
type: "constant"
value: 0
}
}
}
layer {
name: "relu1_1"
type: "ReLU"
bottom: "conv1_1"
top: "conv1_1"
}
layer {
name: "conv1_2"
type: "Convolution"
bottom: "conv1_1"
top: "conv1_2"
convolution_param {
num_output: 64
pad: 1
kernel_size: 3
weight_filler {
type: "xavier"
}
bias_filler {
type: "constant"
value: 0
}
}
}
layer {
name: "relu1_2"
type: "ReLU"
bottom: "conv1_2"
top: "conv1_2"
}
layer {
name: "pool1"
type: "Pooling"
bottom: "conv1_2"
top: "pool1"
pooling_param {
pool: MAX
kernel_size: 2
stride: 2
}
}
layer {
name: "conv2_1"
type: "Convolution"
bottom: "pool1"
top: "conv2_1"
convolution_param {
num_output: 128
pad: 1
kernel_size: 3
weight_filler {
type: "xavier"
}
bias_filler {
type: "constant"
value: 0
}
}
}
layer {
name: "relu2_1"
type: "ReLU"
bottom: "conv2_1"
top: "conv2_1"
}
layer {
name: "conv2_2"
type: "Convolution"
bottom: "conv2_1"
top: "conv2_2"
convolution_param {
num_output: 128
pad: 1
kernel_size: 3
weight_filler {
type: "xavier"
}
bias_filler {
type: "constant"
value: 0
}
}
}
layer {
name: "relu2_2"
type: "ReLU"
bottom: "conv2_2"
top: "conv2_2"
}
layer {
name: "pool2"
type: "Pooling"
bottom: "conv2_2"
top: "pool2"
pooling_param {
pool: MAX
kernel_size: 2
stride: 2
}
}
layer {
name: "conv3_1"
type: "Convolution"
bottom: "pool2"
top: "conv3_1"
convolution_param {
num_output: 256
pad: 1
kernel_size: 3
weight_filler {
type: "xavier"
}
bias_filler {
type: "constant"
value: 0
}
}
}
layer {
name: "relu3_1"
type: "ReLU"
bottom: "conv3_1"
top: "conv3_1"
}
layer {
name: "conv3_2"
type: "Convolution"
bottom: "conv3_1"
top: "conv3_2"
convolution_param {
num_output: 256
pad: 1
kernel_size: 3
weight_filler {
type: "xavier"
}
bias_filler {
type: "constant"
value: 0
}
}
}
layer {
name: "relu3_2"
type: "ReLU"
bottom: "conv3_2"
top: "conv3_2"
}
layer {
name: "conv3_3"
type: "Convolution"
bottom: "conv3_2"
top: "conv3_3"
convolution_param {
num_output: 256
pad: 1
kernel_size: 3
weight_filler {
type: "xavier"
}
bias_filler {
type: "constant"
value: 0
}
}
}
layer {
name: "relu3_3"
type: "ReLU"
bottom: "conv3_3"
top: "conv3_3"
}
layer {
name: "conv3_4"
type: "Convolution"
bottom: "conv3_3"
top: "conv3_4"
convolution_param {
num_output: 256
pad: 1
kernel_size: 3
weight_filler {
type: "xavier"
}
bias_filler {
type: "constant"
value: 0
}
}
}
layer {
name: "relu3_4"
type: "ReLU"
bottom: "conv3_4"
top: "conv3_4"
}
layer {
name: "pool3"
type: "Pooling"
bottom: "conv3_4"
top: "pool3"
pooling_param {
pool: MAX
kernel_size: 2
stride: 2
}
}
layer {
name: "conv4_1"
type: "Convolution"
bottom: "pool3"
top: "conv4_1"
convolution_param {
num_output: 512
pad: 1
kernel_size: 3
weight_filler {
type: "xavier"
}
bias_filler {
type: "constant"
value: 0
}
}
}
layer {
name: "relu4_1"
type: "ReLU"
bottom: "conv4_1"
top: "conv4_1"
}
layer {
name: "conv4_2"
type: "Convolution"
bottom: "conv4_1"
top: "conv4_2"
convolution_param {
num_output: 512
pad: 1
kernel_size: 3
weight_filler {
type: "xavier"
}
bias_filler {
type: "constant"
value: 0
}
}
}
layer {
name: "relu4_2"
type: "ReLU"
bottom: "conv4_2"
top: "conv4_2"
}
layer {
name: "conv4_3"
type: "Convolution"
bottom: "conv4_2"
top: "conv4_3"
convolution_param {
num_output: 512
pad: 1
kernel_size: 3
weight_filler {
type: "xavier"
}
bias_filler {
type: "constant"
value: 0
}
}
}
layer {
name: "relu4_3"
type: "ReLU"
bottom: "conv4_3"
top: "conv4_3"
}
layer {
name: "conv4_4"
type: "Convolution"
bottom: "conv4_3"
top: "conv4_4"
convolution_param {
num_output: 512
pad: 1
kernel_size: 3
weight_filler {
type: "xavier"
}
bias_filler {
type: "constant"
value: 0
}
}
}
layer {
name: "relu4_4"
type: "ReLU"
bottom: "conv4_4"
top: "conv4_4"
}
layer {
name: "pool4"
type: "Pooling"
bottom: "conv4_4"
top: "pool4"
pooling_param {
pool: MAX
kernel_size: 2
stride: 2
}
}
layer {
name: "conv5_1"
type: "Convolution"
bottom: "pool4"
top: "conv5_1"
convolution_param {
num_output: 512
pad: 1
kernel_size: 3
weight_filler {
type: "xavier"
}
bias_filler {
type: "constant"
value: 0
}
}
}
layer {
name: "relu5_1"
type: "ReLU"
bottom: "conv5_1"
top: "conv5_1"
}
layer {
name: "conv5_2"
type: "Convolution"
bottom: "conv5_1"
top: "conv5_2"
convolution_param {
num_output: 512
pad: 1
kernel_size: 3
weight_filler {
type: "xavier"
}
bias_filler {
type: "constant"
value: 0
}
}
}
layer {
name: "relu5_2"
type: "ReLU"
bottom: "conv5_2"
top: "conv5_2"
}
layer {
name: "conv5_3"
type: "Convolution"
bottom: "conv5_2"
top: "conv5_3"
convolution_param {
num_output: 512
pad: 1
kernel_size: 3
weight_filler {
type: "xavier"
}
bias_filler {
type: "constant"
value: 0
}
}
}
layer {
name: "relu5_3"
type: "ReLU"
bottom: "conv5_3"
top: "conv5_3"
}
layer {
name: "conv5_4"
type: "Convolution"
bottom: "conv5_3"
top: "conv5_4"
convolution_param {
num_output: 512
pad: 1
kernel_size: 3
weight_filler {
type: "xavier"
}
bias_filler {
type: "constant"
value: 0
}
}
}
layer {
name: "relu5_4"
type: "ReLU"
bottom: "conv5_4"
top: "conv5_4"
}
layer {
name: "pool5"
type: "Pooling"
bottom: "conv5_4"
top: "pool5"
pooling_param {
pool: MAX
kernel_size: 2
stride: 2
}
}
layer {
name: "fc6"
type: "InnerProduct"
bottom: "pool5"
top: "fc6"
inner_product_param {
num_output: 4096
weight_filler {
type: "xavier"
}
bias_filler {
type: "constant"
value: 0.1
}
}
}
layer {
name: "relu6"
type: "ReLU"
bottom: "fc6"
top: "fc6"
}
layer {
name: "drop6"
type: "Dropout"
bottom: "fc6"
top: "fc6"
dropout_param {
dropout_ratio: 0.5
}
}
layer {
name: "fc7"
type: "InnerProduct"
bottom: "fc6"
top: "fc7"
inner_product_param {
num_output: 4096
weight_filler {
type: "xavier"
}
bias_filler {
type: "constant"
value: 0.1
}
}
}
layer {
name: "relu7"
type: "ReLU"
bottom: "fc7"
top: "fc7"
}
layer {
name: "drop7"
type: "Dropout"
bottom: "fc7"
top: "fc7"
dropout_param {
dropout_ratio: 0.5
}
}
layer {
name: "fc8"
type: "InnerProduct"
bottom: "fc7"
top: "fc8"
inner_product_param {
num_output: 2
weight_filler {
type: "xavier"
}
bias_filler {
type: "constant"
value: 0.1
}
}
}
layer {
name: "loss"
type: "SoftmaxWithLoss"
bottom: "fc8"
bottom: "label"
top: "loss"
}
I0917 20:53:19.939426  5941 layer_factory.hpp:77] Creating layer train-data
I0917 20:53:19.939847  5941 net.cpp:94] Creating Layer train-data
I0917 20:53:19.939862  5941 net.cpp:409] train-data -> data
I0917 20:53:19.939893  5941 net.cpp:409] train-data -> label
I0917 20:53:19.939914  5941 data_transformer.cpp:25] Loading mean file from: /media/myuser/120Gb/DIGITS/digits/jobs/20160917-133511-8c62/mean.binaryproto
I0917 20:53:19.971495  5947 db_lmdb.cpp:35] Opened lmdb /media/myuser/120Gb/DIGITS/digits/jobs/20160917-133511-8c62/train_db
I0917 20:53:20.061460  5941 data_layer.cpp:76] output data size: 16,3,224,224
I0917 20:53:20.094712  5941 net.cpp:144] Setting up train-data
I0917 20:53:20.094753  5941 net.cpp:151] Top shape: 16 3 224 224 (2408448)
I0917 20:53:20.094815  5941 net.cpp:151] Top shape: 16 (16)
I0917 20:53:20.094822  5941 net.cpp:159] Memory required for data: 9633856
I0917 20:53:20.094837  5941 layer_factory.hpp:77] Creating layer conv1_1
I0917 20:53:20.094864  5941 net.cpp:94] Creating Layer conv1_1
I0917 20:53:20.094874  5941 net.cpp:435] conv1_1 <- data
I0917 20:53:20.094892  5941 net.cpp:409] conv1_1 -> conv1_1
I0917 20:53:20.164568  5941 net.cpp:144] Setting up conv1_1
I0917 20:53:20.164609  5941 net.cpp:151] Top shape: 16 64 224 224 (51380224)
I0917 20:53:20.164618  5941 net.cpp:159] Memory required for data: 215154752
I0917 20:53:20.164641  5941 layer_factory.hpp:77] Creating layer relu1_1
I0917 20:53:20.164657  5941 net.cpp:94] Creating Layer relu1_1
I0917 20:53:20.164666  5941 net.cpp:435] relu1_1 <- conv1_1
I0917 20:53:20.164677  5941 net.cpp:396] relu1_1 -> conv1_1 (in-place)
I0917 20:53:20.164708  5941 net.cpp:144] Setting up relu1_1
I0917 20:53:20.164718  5941 net.cpp:151] Top shape: 16 64 224 224 (51380224)
I0917 20:53:20.164726  5941 net.cpp:159] Memory required for data: 420675648
I0917 20:53:20.164732  5941 layer_factory.hpp:77] Creating layer conv1_2
I0917 20:53:20.164748  5941 net.cpp:94] Creating Layer conv1_2
I0917 20:53:20.164755  5941 net.cpp:435] conv1_2 <- conv1_1
I0917 20:53:20.164765  5941 net.cpp:409] conv1_2 -> conv1_2
I0917 20:53:20.414592  5941 net.cpp:144] Setting up conv1_2
I0917 20:53:20.414633  5941 net.cpp:151] Top shape: 16 64 224 224 (51380224)
I0917 20:53:20.414644  5941 net.cpp:159] Memory required for data: 626196544
I0917 20:53:20.414677  5941 layer_factory.hpp:77] Creating layer relu1_2
I0917 20:53:20.414695  5941 net.cpp:94] Creating Layer relu1_2
I0917 20:53:20.414703  5941 net.cpp:435] relu1_2 <- conv1_2
I0917 20:53:20.414713  5941 net.cpp:396] relu1_2 -> conv1_2 (in-place)
I0917 20:53:20.414729  5941 net.cpp:144] Setting up relu1_2
I0917 20:53:20.414738  5941 net.cpp:151] Top shape: 16 64 224 224 (51380224)
I0917 20:53:20.414746  5941 net.cpp:159] Memory required for data: 831717440
I0917 20:53:20.414753  5941 layer_factory.hpp:77] Creating layer pool1
I0917 20:53:20.414768  5941 net.cpp:94] Creating Layer pool1
I0917 20:53:20.414775  5941 net.cpp:435] pool1 <- conv1_2
I0917 20:53:20.414785  5941 net.cpp:409] pool1 -> pool1
I0917 20:53:20.414888  5941 net.cpp:144] Setting up pool1
I0917 20:53:20.414901  5941 net.cpp:151] Top shape: 16 64 112 112 (12845056)
I0917 20:53:20.414937  5941 net.cpp:159] Memory required for data: 883097664
I0917 20:53:20.414944  5941 layer_factory.hpp:77] Creating layer conv2_1
I0917 20:53:20.414960  5941 net.cpp:94] Creating Layer conv2_1
I0917 20:53:20.414968  5941 net.cpp:435] conv2_1 <- pool1
I0917 20:53:20.414978  5941 net.cpp:409] conv2_1 -> conv2_1
I0917 20:53:20.512687  5941 net.cpp:144] Setting up conv2_1
I0917 20:53:20.512730  5941 net.cpp:151] Top shape: 16 128 112 112 (25690112)
I0917 20:53:20.512742  5941 net.cpp:159] Memory required for data: 985858112
I0917 20:53:20.512771  5941 layer_factory.hpp:77] Creating layer relu2_1
I0917 20:53:20.512792  5941 net.cpp:94] Creating Layer relu2_1
I0917 20:53:20.512804  5941 net.cpp:435] relu2_1 <- conv2_1
I0917 20:53:20.512820  5941 net.cpp:396] relu2_1 -> conv2_1 (in-place)
I0917 20:53:20.512843  5941 net.cpp:144] Setting up relu2_1
I0917 20:53:20.512857  5941 net.cpp:151] Top shape: 16 128 112 112 (25690112)
I0917 20:53:20.512868  5941 net.cpp:159] Memory required for data: 1088618560
I0917 20:53:20.512878  5941 layer_factory.hpp:77] Creating layer conv2_2
I0917 20:53:20.512904  5941 net.cpp:94] Creating Layer conv2_2
I0917 20:53:20.512915  5941 net.cpp:435] conv2_2 <- conv2_1
I0917 20:53:20.512931  5941 net.cpp:409] conv2_2 -> conv2_2
I0917 20:53:20.675328  5941 net.cpp:144] Setting up conv2_2
I0917 20:53:20.675372  5941 net.cpp:151] Top shape: 16 128 112 112 (25690112)
I0917 20:53:20.675384  5941 net.cpp:159] Memory required for data: 1191379008
I0917 20:53:20.675411  5941 layer_factory.hpp:77] Creating layer relu2_2
I0917 20:53:20.675427  5941 net.cpp:94] Creating Layer relu2_2
I0917 20:53:20.675436  5941 net.cpp:435] relu2_2 <- conv2_2
I0917 20:53:20.675447  5941 net.cpp:396] relu2_2 -> conv2_2 (in-place)
I0917 20:53:20.675464  5941 net.cpp:144] Setting up relu2_2
I0917 20:53:20.675473  5941 net.cpp:151] Top shape: 16 128 112 112 (25690112)
I0917 20:53:20.675480  5941 net.cpp:159] Memory required for data: 1294139456
I0917 20:53:20.675487  5941 layer_factory.hpp:77] Creating layer pool2
I0917 20:53:20.675499  5941 net.cpp:94] Creating Layer pool2
I0917 20:53:20.675508  5941 net.cpp:435] pool2 <- conv2_2
I0917 20:53:20.675516  5941 net.cpp:409] pool2 -> pool2
I0917 20:53:20.675604  5941 net.cpp:144] Setting up pool2
I0917 20:53:20.675614  5941 net.cpp:151] Top shape: 16 128 56 56 (6422528)
I0917 20:53:20.675621  5941 net.cpp:159] Memory required for data: 1319829568
I0917 20:53:20.675628  5941 layer_factory.hpp:77] Creating layer conv3_1
I0917 20:53:20.675647  5941 net.cpp:94] Creating Layer conv3_1
I0917 20:53:20.675653  5941 net.cpp:435] conv3_1 <- pool2
I0917 20:53:20.675663  5941 net.cpp:409] conv3_1 -> conv3_1
I0917 20:53:20.756300  5941 net.cpp:144] Setting up conv3_1
I0917 20:53:20.756338  5941 net.cpp:151] Top shape: 16 256 56 56 (12845056)
I0917 20:53:20.756350  5941 net.cpp:159] Memory required for data: 1371209792
I0917 20:53:20.756379  5941 layer_factory.hpp:77] Creating layer relu3_1
I0917 20:53:20.756403  5941 net.cpp:94] Creating Layer relu3_1
I0917 20:53:20.756412  5941 net.cpp:435] relu3_1 <- conv3_1
I0917 20:53:20.756422  5941 net.cpp:396] relu3_1 -> conv3_1 (in-place)
I0917 20:53:20.756439  5941 net.cpp:144] Setting up relu3_1
I0917 20:53:20.756448  5941 net.cpp:151] Top shape: 16 256 56 56 (12845056)
I0917 20:53:20.756455  5941 net.cpp:159] Memory required for data: 1422590016
I0917 20:53:20.756463  5941 layer_factory.hpp:77] Creating layer conv3_2
I0917 20:53:20.756479  5941 net.cpp:94] Creating Layer conv3_2
I0917 20:53:20.756485  5941 net.cpp:435] conv3_2 <- conv3_1
I0917 20:53:20.756496  5941 net.cpp:409] conv3_2 -> conv3_2
I0917 20:53:20.911980  5941 net.cpp:144] Setting up conv3_2
I0917 20:53:20.912021  5941 net.cpp:151] Top shape: 16 256 56 56 (12845056)
I0917 20:53:20.912034  5941 net.cpp:159] Memory required for data: 1473970240
I0917 20:53:20.912056  5941 layer_factory.hpp:77] Creating layer relu3_2
I0917 20:53:20.912077  5941 net.cpp:94] Creating Layer relu3_2
I0917 20:53:20.912091  5941 net.cpp:435] relu3_2 <- conv3_2
I0917 20:53:20.912138  5941 net.cpp:396] relu3_2 -> conv3_2 (in-place)
I0917 20:53:20.912163  5941 net.cpp:144] Setting up relu3_2
I0917 20:53:20.912176  5941 net.cpp:151] Top shape: 16 256 56 56 (12845056)
I0917 20:53:20.912186  5941 net.cpp:159] Memory required for data: 1525350464
I0917 20:53:20.912197  5941 layer_factory.hpp:77] Creating layer conv3_3
I0917 20:53:20.912220  5941 net.cpp:94] Creating Layer conv3_3
I0917 20:53:20.912231  5941 net.cpp:435] conv3_3 <- conv3_2
I0917 20:53:20.912247  5941 net.cpp:409] conv3_3 -> conv3_3
I0917 20:53:21.068827  5941 net.cpp:144] Setting up conv3_3
I0917 20:53:21.068866  5941 net.cpp:151] Top shape: 16 256 56 56 (12845056)
I0917 20:53:21.068878  5941 net.cpp:159] Memory required for data: 1576730688
I0917 20:53:21.068900  5941 layer_factory.hpp:77] Creating layer relu3_3
I0917 20:53:21.068927  5941 net.cpp:94] Creating Layer relu3_3
I0917 20:53:21.068939  5941 net.cpp:435] relu3_3 <- conv3_3
I0917 20:53:21.068955  5941 net.cpp:396] relu3_3 -> conv3_3 (in-place)
I0917 20:53:21.068979  5941 net.cpp:144] Setting up relu3_3
I0917 20:53:21.068992  5941 net.cpp:151] Top shape: 16 256 56 56 (12845056)
I0917 20:53:21.069002  5941 net.cpp:159] Memory required for data: 1628110912
I0917 20:53:21.069013  5941 layer_factory.hpp:77] Creating layer conv3_4
I0917 20:53:21.069036  5941 net.cpp:94] Creating Layer conv3_4
I0917 20:53:21.069047  5941 net.cpp:435] conv3_4 <- conv3_3
I0917 20:53:21.069062  5941 net.cpp:409] conv3_4 -> conv3_4
I0917 20:53:21.229094  5941 net.cpp:144] Setting up conv3_4
I0917 20:53:21.229135  5941 net.cpp:151] Top shape: 16 256 56 56 (12845056)
I0917 20:53:21.229147  5941 net.cpp:159] Memory required for data: 1679491136
I0917 20:53:21.229171  5941 layer_factory.hpp:77] Creating layer relu3_4
I0917 20:53:21.229190  5941 net.cpp:94] Creating Layer relu3_4
I0917 20:53:21.229203  5941 net.cpp:435] relu3_4 <- conv3_4
I0917 20:53:21.229218  5941 net.cpp:396] relu3_4 -> conv3_4 (in-place)
I0917 20:53:21.229243  5941 net.cpp:144] Setting up relu3_4
I0917 20:53:21.229255  5941 net.cpp:151] Top shape: 16 256 56 56 (12845056)
I0917 20:53:21.229266  5941 net.cpp:159] Memory required for data: 1730871360
I0917 20:53:21.229277  5941 layer_factory.hpp:77] Creating layer pool3
I0917 20:53:21.229293  5941 net.cpp:94] Creating Layer pool3
I0917 20:53:21.229305  5941 net.cpp:435] pool3 <- conv3_4
I0917 20:53:21.229320  5941 net.cpp:409] pool3 -> pool3
I0917 20:53:21.229431  5941 net.cpp:144] Setting up pool3
I0917 20:53:21.229446  5941 net.cpp:151] Top shape: 16 256 28 28 (3211264)
I0917 20:53:21.229457  5941 net.cpp:159] Memory required for data: 1743716416
I0917 20:53:21.229468  5941 layer_factory.hpp:77] Creating layer conv4_1
I0917 20:53:21.229491  5941 net.cpp:94] Creating Layer conv4_1
I0917 20:53:21.229502  5941 net.cpp:435] conv4_1 <- pool3
I0917 20:53:21.229517  5941 net.cpp:409] conv4_1 -> conv4_1
I0917 20:53:21.323921  5941 net.cpp:144] Setting up conv4_1
I0917 20:53:21.323958  5941 net.cpp:151] Top shape: 16 512 28 28 (6422528)
I0917 20:53:21.323971  5941 net.cpp:159] Memory required for data: 1769406528
I0917 20:53:21.324002  5941 layer_factory.hpp:77] Creating layer relu4_1
I0917 20:53:21.324023  5941 net.cpp:94] Creating Layer relu4_1
I0917 20:53:21.324035  5941 net.cpp:435] relu4_1 <- conv4_1
I0917 20:53:21.324049  5941 net.cpp:396] relu4_1 -> conv4_1 (in-place)
I0917 20:53:21.324071  5941 net.cpp:144] Setting up relu4_1
I0917 20:53:21.324085  5941 net.cpp:151] Top shape: 16 512 28 28 (6422528)
I0917 20:53:21.324096  5941 net.cpp:159] Memory required for data: 1795096640
I0917 20:53:21.324107  5941 layer_factory.hpp:77] Creating layer conv4_2
I0917 20:53:21.324129  5941 net.cpp:94] Creating Layer conv4_2
I0917 20:53:21.324141  5941 net.cpp:435] conv4_2 <- conv4_1
I0917 20:53:21.324156  5941 net.cpp:409] conv4_2 -> conv4_2
I0917 20:53:21.498265  5941 net.cpp:144] Setting up conv4_2
I0917 20:53:21.498311  5941 net.cpp:151] Top shape: 16 512 28 28 (6422528)
I0917 20:53:21.498322  5941 net.cpp:159] Memory required for data: 1820786752
I0917 20:53:21.498345  5941 layer_factory.hpp:77] Creating layer relu4_2
I0917 20:53:21.498397  5941 net.cpp:94] Creating Layer relu4_2
I0917 20:53:21.498411  5941 net.cpp:435] relu4_2 <- conv4_2
I0917 20:53:21.498426  5941 net.cpp:396] relu4_2 -> conv4_2 (in-place)
I0917 20:53:21.498450  5941 net.cpp:144] Setting up relu4_2
I0917 20:53:21.498463  5941 net.cpp:151] Top shape: 16 512 28 28 (6422528)
I0917 20:53:21.498474  5941 net.cpp:159] Memory required for data: 1846476864
I0917 20:53:21.498484  5941 layer_factory.hpp:77] Creating layer conv4_3
I0917 20:53:21.498507  5941 net.cpp:94] Creating Layer conv4_3
I0917 20:53:21.498517  5941 net.cpp:435] conv4_3 <- conv4_2
I0917 20:53:21.498533  5941 net.cpp:409] conv4_3 -> conv4_3
I0917 20:53:21.684072  5941 net.cpp:144] Setting up conv4_3
I0917 20:53:21.684108  5941 net.cpp:151] Top shape: 16 512 28 28 (6422528)
I0917 20:53:21.684116  5941 net.cpp:159] Memory required for data: 1872166976
I0917 20:53:21.684134  5941 layer_factory.hpp:77] Creating layer relu4_3
I0917 20:53:21.684149  5941 net.cpp:94] Creating Layer relu4_3
I0917 20:53:21.684157  5941 net.cpp:435] relu4_3 <- conv4_3
I0917 20:53:21.684168  5941 net.cpp:396] relu4_3 -> conv4_3 (in-place)
I0917 20:53:21.684185  5941 net.cpp:144] Setting up relu4_3
I0917 20:53:21.684195  5941 net.cpp:151] Top shape: 16 512 28 28 (6422528)
I0917 20:53:21.684201  5941 net.cpp:159] Memory required for data: 1897857088
I0917 20:53:21.684208  5941 layer_factory.hpp:77] Creating layer conv4_4
I0917 20:53:21.684224  5941 net.cpp:94] Creating Layer conv4_4
I0917 20:53:21.684232  5941 net.cpp:435] conv4_4 <- conv4_3
I0917 20:53:21.684242  5941 net.cpp:409] conv4_4 -> conv4_4
I0917 20:53:21.849503  5941 net.cpp:144] Setting up conv4_4
I0917 20:53:21.849547  5941 net.cpp:151] Top shape: 16 512 28 28 (6422528)
I0917 20:53:21.849558  5941 net.cpp:159] Memory required for data: 1923547200
I0917 20:53:21.849581  5941 layer_factory.hpp:77] Creating layer relu4_4
I0917 20:53:21.849601  5941 net.cpp:94] Creating Layer relu4_4
I0917 20:53:21.849614  5941 net.cpp:435] relu4_4 <- conv4_4
I0917 20:53:21.849629  5941 net.cpp:396] relu4_4 -> conv4_4 (in-place)
I0917 20:53:21.849663  5941 net.cpp:144] Setting up relu4_4
I0917 20:53:21.849676  5941 net.cpp:151] Top shape: 16 512 28 28 (6422528)
I0917 20:53:21.849687  5941 net.cpp:159] Memory required for data: 1949237312
I0917 20:53:21.849697  5941 layer_factory.hpp:77] Creating layer pool4
I0917 20:53:21.849714  5941 net.cpp:94] Creating Layer pool4
I0917 20:53:21.849725  5941 net.cpp:435] pool4 <- conv4_4
I0917 20:53:21.849740  5941 net.cpp:409] pool4 -> pool4
I0917 20:53:21.849848  5941 net.cpp:144] Setting up pool4
I0917 20:53:21.849864  5941 net.cpp:151] Top shape: 16 512 14 14 (1605632)
I0917 20:53:21.849875  5941 net.cpp:159] Memory required for data: 1955659840
I0917 20:53:21.849885  5941 layer_factory.hpp:77] Creating layer conv5_1
I0917 20:53:21.849907  5941 net.cpp:94] Creating Layer conv5_1
I0917 20:53:21.849920  5941 net.cpp:435] conv5_1 <- pool4
I0917 20:53:21.849934  5941 net.cpp:409] conv5_1 -> conv5_1
I0917 20:53:21.934201  5941 net.cpp:144] Setting up conv5_1
I0917 20:53:21.934244  5941 net.cpp:151] Top shape: 16 512 14 14 (1605632)
I0917 20:53:21.934257  5941 net.cpp:159] Memory required for data: 1962082368
I0917 20:53:21.934279  5941 layer_factory.hpp:77] Creating layer relu5_1
I0917 20:53:21.934298  5941 net.cpp:94] Creating Layer relu5_1
I0917 20:53:21.934312  5941 net.cpp:435] relu5_1 <- conv5_1
I0917 20:53:21.934327  5941 net.cpp:396] relu5_1 -> conv5_1 (in-place)
I0917 20:53:21.934350  5941 net.cpp:144] Setting up relu5_1
I0917 20:53:21.934365  5941 net.cpp:151] Top shape: 16 512 14 14 (1605632)
I0917 20:53:21.934376  5941 net.cpp:159] Memory required for data: 1968504896
I0917 20:53:21.934386  5941 layer_factory.hpp:77] Creating layer conv5_2
I0917 20:53:21.934407  5941 net.cpp:94] Creating Layer conv5_2
I0917 20:53:21.934418  5941 net.cpp:435] conv5_2 <- conv5_1
I0917 20:53:21.934434  5941 net.cpp:409] conv5_2 -> conv5_2
I0917 20:53:22.019954  5941 net.cpp:144] Setting up conv5_2
I0917 20:53:22.020036  5941 net.cpp:151] Top shape: 16 512 14 14 (1605632)
I0917 20:53:22.020050  5941 net.cpp:159] Memory required for data: 1974927424
I0917 20:53:22.020072  5941 layer_factory.hpp:77] Creating layer relu5_2
I0917 20:53:22.020103  5941 net.cpp:94] Creating Layer relu5_2
I0917 20:53:22.020117  5941 net.cpp:435] relu5_2 <- conv5_2
I0917 20:53:22.020133  5941 net.cpp:396] relu5_2 -> conv5_2 (in-place)
I0917 20:53:22.020156  5941 net.cpp:144] Setting up relu5_2
I0917 20:53:22.020170  5941 net.cpp:151] Top shape: 16 512 14 14 (1605632)
I0917 20:53:22.020180  5941 net.cpp:159] Memory required for data: 1981349952
I0917 20:53:22.020191  5941 layer_factory.hpp:77] Creating layer conv5_3
I0917 20:53:22.020215  5941 net.cpp:94] Creating Layer conv5_3
I0917 20:53:22.020226  5941 net.cpp:435] conv5_3 <- conv5_2
I0917 20:53:22.020241  5941 net.cpp:409] conv5_3 -> conv5_3
I0917 20:53:22.111780  5941 net.cpp:144] Setting up conv5_3
I0917 20:53:22.111829  5941 net.cpp:151] Top shape: 16 512 14 14 (1605632)
I0917 20:53:22.111837  5941 net.cpp:159] Memory required for data: 1987772480
I0917 20:53:22.111855  5941 layer_factory.hpp:77] Creating layer relu5_3
I0917 20:53:22.111873  5941 net.cpp:94] Creating Layer relu5_3
I0917 20:53:22.111883  5941 net.cpp:435] relu5_3 <- conv5_3
I0917 20:53:22.111896  5941 net.cpp:396] relu5_3 -> conv5_3 (in-place)
I0917 20:53:22.111915  5941 net.cpp:144] Setting up relu5_3
I0917 20:53:22.111924  5941 net.cpp:151] Top shape: 16 512 14 14 (1605632)
I0917 20:53:22.111932  5941 net.cpp:159] Memory required for data: 1994195008
I0917 20:53:22.111939  5941 layer_factory.hpp:77] Creating layer conv5_4
I0917 20:53:22.111960  5941 net.cpp:94] Creating Layer conv5_4
I0917 20:53:22.111968  5941 net.cpp:435] conv5_4 <- conv5_3
I0917 20:53:22.111980  5941 net.cpp:409] conv5_4 -> conv5_4
I0917 20:53:22.190837  5941 net.cpp:144] Setting up conv5_4
I0917 20:53:22.190884  5941 net.cpp:151] Top shape: 16 512 14 14 (1605632)
I0917 20:53:22.190893  5941 net.cpp:159] Memory required for data: 2000617536
I0917 20:53:22.190913  5941 layer_factory.hpp:77] Creating layer relu5_4
I0917 20:53:22.190930  5941 net.cpp:94] Creating Layer relu5_4
I0917 20:53:22.190942  5941 net.cpp:435] relu5_4 <- conv5_4
I0917 20:53:22.190953  5941 net.cpp:396] relu5_4 -> conv5_4 (in-place)
I0917 20:53:22.190973  5941 net.cpp:144] Setting up relu5_4
I0917 20:53:22.190982  5941 net.cpp:151] Top shape: 16 512 14 14 (1605632)
I0917 20:53:22.190990  5941 net.cpp:159] Memory required for data: 2007040064
I0917 20:53:22.190997  5941 layer_factory.hpp:77] Creating layer pool5
I0917 20:53:22.191011  5941 net.cpp:94] Creating Layer pool5
I0917 20:53:22.191018  5941 net.cpp:435] pool5 <- conv5_4
I0917 20:53:22.191028  5941 net.cpp:409] pool5 -> pool5
I0917 20:53:22.191141  5941 net.cpp:144] Setting up pool5
I0917 20:53:22.191153  5941 net.cpp:151] Top shape: 16 512 7 7 (401408)
I0917 20:53:22.191160  5941 net.cpp:159] Memory required for data: 2008645696
I0917 20:53:22.191167  5941 layer_factory.hpp:77] Creating layer fc6
I0917 20:53:22.191190  5941 net.cpp:94] Creating Layer fc6
I0917 20:53:22.191198  5941 net.cpp:435] fc6 <- pool5
I0917 20:53:22.191210  5941 net.cpp:409] fc6 -> fc6
I0917 20:53:23.313881  5941 net.cpp:144] Setting up fc6
I0917 20:53:23.313932  5941 net.cpp:151] Top shape: 16 4096 (65536)
I0917 20:53:23.313941  5941 net.cpp:159] Memory required for data: 2008907840
I0917 20:53:23.313974  5941 layer_factory.hpp:77] Creating layer relu6
I0917 20:53:23.313992  5941 net.cpp:94] Creating Layer relu6
I0917 20:53:23.314002  5941 net.cpp:435] relu6 <- fc6
I0917 20:53:23.314013  5941 net.cpp:396] relu6 -> fc6 (in-place)
I0917 20:53:23.314031  5941 net.cpp:144] Setting up relu6
I0917 20:53:23.314040  5941 net.cpp:151] Top shape: 16 4096 (65536)
I0917 20:53:23.314048  5941 net.cpp:159] Memory required for data: 2009169984
I0917 20:53:23.314054  5941 layer_factory.hpp:77] Creating layer drop6
I0917 20:53:23.314067  5941 net.cpp:94] Creating Layer drop6
I0917 20:53:23.314074  5941 net.cpp:435] drop6 <- fc6
I0917 20:53:23.314083  5941 net.cpp:396] drop6 -> fc6 (in-place)
I0917 20:53:23.314173  5941 net.cpp:144] Setting up drop6
I0917 20:53:23.314183  5941 net.cpp:151] Top shape: 16 4096 (65536)
I0917 20:53:23.314190  5941 net.cpp:159] Memory required for data: 2009432128
I0917 20:53:23.314198  5941 layer_factory.hpp:77] Creating layer fc7
I0917 20:53:23.314210  5941 net.cpp:94] Creating Layer fc7
I0917 20:53:23.314218  5941 net.cpp:435] fc7 <- fc6
I0917 20:53:23.314229  5941 net.cpp:409] fc7 -> fc7
I0917 20:53:23.494824  5941 net.cpp:144] Setting up fc7
I0917 20:53:23.494866  5941 net.cpp:151] Top shape: 16 4096 (65536)
I0917 20:53:23.494874  5941 net.cpp:159] Memory required for data: 2009694272
I0917 20:53:23.494891  5941 layer_factory.hpp:77] Creating layer relu7
I0917 20:53:23.494907  5941 net.cpp:94] Creating Layer relu7
I0917 20:53:23.494916  5941 net.cpp:435] relu7 <- fc7
I0917 20:53:23.494928  5941 net.cpp:396] relu7 -> fc7 (in-place)
I0917 20:53:23.494945  5941 net.cpp:144] Setting up relu7
I0917 20:53:23.494953  5941 net.cpp:151] Top shape: 16 4096 (65536)
I0917 20:53:23.494961  5941 net.cpp:159] Memory required for data: 2009956416
I0917 20:53:23.494967  5941 layer_factory.hpp:77] Creating layer drop7
I0917 20:53:23.494979  5941 net.cpp:94] Creating Layer drop7
I0917 20:53:23.494987  5941 net.cpp:435] drop7 <- fc7
I0917 20:53:23.494997  5941 net.cpp:396] drop7 -> fc7 (in-place)
I0917 20:53:23.495030  5941 net.cpp:144] Setting up drop7
I0917 20:53:23.495039  5941 net.cpp:151] Top shape: 16 4096 (65536)
I0917 20:53:23.495046  5941 net.cpp:159] Memory required for data: 2010218560
I0917 20:53:23.495054  5941 layer_factory.hpp:77] Creating layer fc8
I0917 20:53:23.495065  5941 net.cpp:94] Creating Layer fc8
I0917 20:53:23.495074  5941 net.cpp:435] fc8 <- fc7
I0917 20:53:23.495082  5941 net.cpp:409] fc8 -> fc8
I0917 20:53:23.495283  5941 net.cpp:144] Setting up fc8
I0917 20:53:23.495293  5941 net.cpp:151] Top shape: 16 2 (32)
I0917 20:53:23.495301  5941 net.cpp:159] Memory required for data: 2010218688
I0917 20:53:23.495311  5941 layer_factory.hpp:77] Creating layer loss
I0917 20:53:23.495332  5941 net.cpp:94] Creating Layer loss
I0917 20:53:23.495338  5941 net.cpp:435] loss <- fc8
I0917 20:53:23.495347  5941 net.cpp:435] loss <- label
I0917 20:53:23.495359  5941 net.cpp:409] loss -> loss
I0917 20:53:23.495378  5941 layer_factory.hpp:77] Creating layer loss
I0917 20:53:23.495508  5941 net.cpp:144] Setting up loss
I0917 20:53:23.495518  5941 net.cpp:151] Top shape: (1)
I0917 20:53:23.495525  5941 net.cpp:154]     with loss weight 1
I0917 20:53:23.495553  5941 net.cpp:159] Memory required for data: 2010218692
I0917 20:53:23.495559  5941 net.cpp:220] loss needs backward computation.
I0917 20:53:23.495568  5941 net.cpp:220] fc8 needs backward computation.
I0917 20:53:23.495574  5941 net.cpp:220] drop7 needs backward computation.
I0917 20:53:23.495581  5941 net.cpp:220] relu7 needs backward computation.
I0917 20:53:23.495589  5941 net.cpp:220] fc7 needs backward computation.
I0917 20:53:23.495595  5941 net.cpp:220] drop6 needs backward computation.
I0917 20:53:23.495602  5941 net.cpp:220] relu6 needs backward computation.
I0917 20:53:23.495609  5941 net.cpp:220] fc6 needs backward computation.
I0917 20:53:23.495616  5941 net.cpp:220] pool5 needs backward computation.
I0917 20:53:23.495623  5941 net.cpp:220] relu5_4 needs backward computation.
I0917 20:53:23.495631  5941 net.cpp:220] conv5_4 needs backward computation.
I0917 20:53:23.495638  5941 net.cpp:220] relu5_3 needs backward computation.
I0917 20:53:23.495645  5941 net.cpp:220] conv5_3 needs backward computation.
I0917 20:53:23.495652  5941 net.cpp:220] relu5_2 needs backward computation.
I0917 20:53:23.495659  5941 net.cpp:220] conv5_2 needs backward computation.
I0917 20:53:23.495667  5941 net.cpp:220] relu5_1 needs backward computation.
I0917 20:53:23.495674  5941 net.cpp:220] conv5_1 needs backward computation.
I0917 20:53:23.495682  5941 net.cpp:220] pool4 needs backward computation.
I0917 20:53:23.495689  5941 net.cpp:220] relu4_4 needs backward computation.
I0917 20:53:23.495697  5941 net.cpp:220] conv4_4 needs backward computation.
I0917 20:53:23.495733  5941 net.cpp:220] relu4_3 needs backward computation.
I0917 20:53:23.495740  5941 net.cpp:220] conv4_3 needs backward computation.
I0917 20:53:23.495748  5941 net.cpp:220] relu4_2 needs backward computation.
I0917 20:53:23.495755  5941 net.cpp:220] conv4_2 needs backward computation.
I0917 20:53:23.495762  5941 net.cpp:220] relu4_1 needs backward computation.
I0917 20:53:23.495769  5941 net.cpp:220] conv4_1 needs backward computation.
I0917 20:53:23.495777  5941 net.cpp:220] pool3 needs backward computation.
I0917 20:53:23.495785  5941 net.cpp:220] relu3_4 needs backward computation.
I0917 20:53:23.495792  5941 net.cpp:220] conv3_4 needs backward computation.
I0917 20:53:23.495800  5941 net.cpp:220] relu3_3 needs backward computation.
I0917 20:53:23.495806  5941 net.cpp:220] conv3_3 needs backward computation.
I0917 20:53:23.495813  5941 net.cpp:220] relu3_2 needs backward computation.
I0917 20:53:23.495820  5941 net.cpp:220] conv3_2 needs backward computation.
I0917 20:53:23.495827  5941 net.cpp:220] relu3_1 needs backward computation.
I0917 20:53:23.495834  5941 net.cpp:220] conv3_1 needs backward computation.
I0917 20:53:23.495842  5941 net.cpp:220] pool2 needs backward computation.
I0917 20:53:23.495849  5941 net.cpp:220] relu2_2 needs backward computation.
I0917 20:53:23.495857  5941 net.cpp:220] conv2_2 needs backward computation.
I0917 20:53:23.495863  5941 net.cpp:220] relu2_1 needs backward computation.
I0917 20:53:23.495870  5941 net.cpp:220] conv2_1 needs backward computation.
I0917 20:53:23.495877  5941 net.cpp:220] pool1 needs backward computation.
I0917 20:53:23.495885  5941 net.cpp:220] relu1_2 needs backward computation.
I0917 20:53:23.495893  5941 net.cpp:220] conv1_2 needs backward computation.
I0917 20:53:23.495899  5941 net.cpp:220] relu1_1 needs backward computation.
I0917 20:53:23.495906  5941 net.cpp:220] conv1_1 needs backward computation.
I0917 20:53:23.495914  5941 net.cpp:222] train-data does not need backward computation.
I0917 20:53:23.495921  5941 net.cpp:264] This network produces output loss
I0917 20:53:23.495954  5941 net.cpp:284] Network initialization done.
I0917 20:53:23.497171  5941 solver.cpp:181] Creating test net (#0) specified by net file: train_val.prototxt
I0917 20:53:23.497246  5941 net.cpp:323] The NetState phase (1) differed from the phase (0) specified by a rule in layer train-data
I0917 20:53:23.497529  5941 net.cpp:52] Initializing net from parameters:
state {
phase: TEST
}
layer {
name: "val-data"
type: "Data"
top: "data"
top: "label"
include {
phase: TEST
}
transform_param {
crop_size: 224
mean_file: "/media/myuser/120Gb/DIGITS/digits/jobs/20160917-133511-8c62/mean.binaryproto"
}
data_param {
source: "/media/myuser/120Gb/DIGITS/digits/jobs/20160917-133511-8c62/val_db"
batch_size: 16
backend: LMDB
}
}
layer {
name: "conv1_1"
type: "Convolution"
bottom: "data"
top: "conv1_1"
convolution_param {
num_output: 64
pad: 1
kernel_size: 3
weight_filler {
type: "xavier"
}
bias_filler {
type: "constant"
value: 0
}
}
}
layer {
name: "relu1_1"
type: "ReLU"
bottom: "conv1_1"
top: "conv1_1"
}
layer {
name: "conv1_2"
type: "Convolution"
bottom: "conv1_1"
top: "conv1_2"
convolution_param {
num_output: 64
pad: 1
kernel_size: 3
weight_filler {
type: "xavier"
}
bias_filler {
type: "constant"
value: 0
}
}
}
layer {
name: "relu1_2"
type: "ReLU"
bottom: "conv1_2"
top: "conv1_2"
}
layer {
name: "pool1"
type: "Pooling"
bottom: "conv1_2"
top: "pool1"
pooling_param {
pool: MAX
kernel_size: 2
stride: 2
}
}
layer {
name: "conv2_1"
type: "Convolution"
bottom: "pool1"
top: "conv2_1"
convolution_param {
num_output: 128
pad: 1
kernel_size: 3
weight_filler {
type: "xavier"
}
bias_filler {
type: "constant"
value: 0
}
}
}
layer {
name: "relu2_1"
type: "ReLU"
bottom: "conv2_1"
top: "conv2_1"
}
layer {
name: "conv2_2"
type: "Convolution"
bottom: "conv2_1"
top: "conv2_2"
convolution_param {
num_output: 128
pad: 1
kernel_size: 3
weight_filler {
type: "xavier"
}
bias_filler {
type: "constant"
value: 0
}
}
}
layer {
name: "relu2_2"
type: "ReLU"
bottom: "conv2_2"
top: "conv2_2"
}
layer {
name: "pool2"
type: "Pooling"
bottom: "conv2_2"
top: "pool2"
pooling_param {
pool: MAX
kernel_size: 2
stride: 2
}
}
layer {
name: "conv3_1"
type: "Convolution"
bottom: "pool2"
top: "conv3_1"
convolution_param {
num_output: 256
pad: 1
kernel_size: 3
weight_filler {
type: "xavier"
}
bias_filler {
type: "constant"
value: 0
}
}
}
layer {
name: "relu3_1"
type: "ReLU"
bottom: "conv3_1"
top: "conv3_1"
}
layer {
name: "conv3_2"
type: "Convolution"
bottom: "conv3_1"
top: "conv3_2"
convolution_param {
num_output: 256
pad: 1
kernel_size: 3
weight_filler {
type: "xavier"
}
bias_filler {
type: "constant"
value: 0
}
}
}
layer {
name: "relu3_2"
type: "ReLU"
bottom: "conv3_2"
top: "conv3_2"
}
layer {
name: "conv3_3"
type: "Convolution"
bottom: "conv3_2"
top: "conv3_3"
convolution_param {
num_output: 256
pad: 1
kernel_size: 3
weight_filler {
type: "xavier"
}
bias_filler {
type: "constant"
value: 0
}
}
}
layer {
name: "relu3_3"
type: "ReLU"
bottom: "conv3_3"
top: "conv3_3"
}
layer {
name: "conv3_4"
type: "Convolution"
bottom: "conv3_3"
top: "conv3_4"
convolution_param {
num_output: 256
pad: 1
kernel_size: 3
weight_filler {
type: "xavier"
}
bias_filler {
type: "constant"
value: 0
}
}
}
layer {
name: "relu3_4"
type: "ReLU"
bottom: "conv3_4"
top: "conv3_4"
}
layer {
name: "pool3"
type: "Pooling"
bottom: "conv3_4"
top: "pool3"
pooling_param {
pool: MAX
kernel_size: 2
stride: 2
}
}
layer {
name: "conv4_1"
type: "Convolution"
bottom: "pool3"
top: "conv4_1"
convolution_param {
num_output: 512
pad: 1
kernel_size: 3
weight_filler {
type: "xavier"
}
bias_filler {
type: "constant"
value: 0
}
}
}
layer {
name: "relu4_1"
type: "ReLU"
bottom: "conv4_1"
top: "conv4_1"
}
layer {
name: "conv4_2"
type: "Convolution"
bottom: "conv4_1"
top: "conv4_2"
convolution_param {
num_output: 512
pad: 1
kernel_size: 3
weight_filler {
type: "xavier"
}
bias_filler {
type: "constant"
value: 0
}
}
}
layer {
name: "relu4_2"
type: "ReLU"
bottom: "conv4_2"
top: "conv4_2"
}
layer {
name: "conv4_3"
type: "Convolution"
bottom: "conv4_2"
top: "conv4_3"
convolution_param {
num_output: 512
pad: 1
kernel_size: 3
weight_filler {
type: "xavier"
}
bias_filler {
type: "constant"
value: 0
}
}
}
layer {
name: "relu4_3"
type: "ReLU"
bottom: "conv4_3"
top: "conv4_3"
}
layer {
name: "conv4_4"
type: "Convolution"
bottom: "conv4_3"
top: "conv4_4"
convolution_param {
num_output: 512
pad: 1
kernel_size: 3
weight_filler {
type: "xavier"
}
bias_filler {
type: "constant"
value: 0
}
}
}
layer {
name: "relu4_4"
type: "ReLU"
bottom: "conv4_4"
top: "conv4_4"
}
layer {
name: "pool4"
type: "Pooling"
bottom: "conv4_4"
top: "pool4"
pooling_param {
pool: MAX
kernel_size: 2
stride: 2
}
}
layer {
name: "conv5_1"
type: "Convolution"
bottom: "pool4"
top: "conv5_1"
convolution_param {
num_output: 512
pad: 1
kernel_size: 3
weight_filler {
type: "xavier"
}
bias_filler {
type: "constant"
value: 0
}
}
}
layer {
name: "relu5_1"
type: "ReLU"
bottom: "conv5_1"
top: "conv5_1"
}
layer {
name: "conv5_2"
type: "Convolution"
bottom: "conv5_1"
top: "conv5_2"
convolution_param {
num_output: 512
pad: 1
kernel_size: 3
weight_filler {
type: "xavier"
}
bias_filler {
type: "constant"
value: 0
}
}
}
layer {
name: "relu5_2"
type: "ReLU"
bottom: "conv5_2"
top: "conv5_2"
}
layer {
name: "conv5_3"
type: "Convolution"
bottom: "conv5_2"
top: "conv5_3"
convolution_param {
num_output: 512
pad: 1
kernel_size: 3
weight_filler {
type: "xavier"
}
bias_filler {
type: "constant"
value: 0
}
}
}
layer {
name: "relu5_3"
type: "ReLU"
bottom: "conv5_3"
top: "conv5_3"
}
layer {
name: "conv5_4"
type: "Convolution"
bottom: "conv5_3"
top: "conv5_4"
convolution_param {
num_output: 512
pad: 1
kernel_size: 3
weight_filler {
type: "xavier"
}
bias_filler {
type: "constant"
value: 0
}
}
}
layer {
name: "relu5_4"
type: "ReLU"
bottom: "conv5_4"
top: "conv5_4"
}
layer {
name: "pool5"
type: "Pooling"
bottom: "conv5_4"
top: "pool5"
pooling_param {
pool: MAX
kernel_size: 2
stride: 2
}
}
layer {
name: "fc6"
type: "InnerProduct"
bottom: "pool5"
top: "fc6"
inner_product_param {
num_output: 4096
weight_filler {
type: "xavier"
}
bias_filler {
type: "constant"
value: 0.1
}
}
}
layer {
name: "relu6"
type: "ReLU"
bottom: "fc6"
top: "fc6"
}
layer {
name: "drop6"
type: "Dropout"
bottom: "fc6"
top: "fc6"
dropout_param {
dropout_ratio: 0.5
}
}
layer {
name: "fc7"
type: "InnerProduct"
bottom: "fc6"
top: "fc7"
inner_product_param {
num_output: 4096
weight_filler {
type: "xavier"
}
bias_filler {
type: "constant"
value: 0.1
}
}
}
layer {
name: "relu7"
type: "ReLU"
bottom: "fc7"
top: "fc7"
}
layer {
name: "drop7"
type: "Dropout"
bottom: "fc7"
top: "fc7"
dropout_param {
dropout_ratio: 0.5
}
}
layer {
name: "fc8"
type: "InnerProduct"
bottom: "fc7"
top: "fc8"
inner_product_param {
num_output: 2
weight_filler {
type: "xavier"
}
bias_filler {
type: "constant"
value: 0.1
}
}
}
layer {
name: "accuracy"
type: "Accuracy"
bottom: "fc8"
bottom: "label"
top: "accuracy"
include {
phase: TEST
}
}
layer {
name: "loss"
type: "SoftmaxWithLoss"
bottom: "fc8"
bottom: "label"
top: "loss"
}
I0917 20:53:23.497746  5941 layer_factory.hpp:77] Creating layer val-data
I0917 20:53:23.500146  5941 net.cpp:94] Creating Layer val-data
I0917 20:53:23.500185  5941 net.cpp:409] val-data -> data
I0917 20:53:23.500205  5941 net.cpp:409] val-data -> label
I0917 20:53:23.500219  5941 data_transformer.cpp:25] Loading mean file from: /media/myuser/120Gb/DIGITS/digits/jobs/20160917-133511-8c62/mean.binaryproto
I0917 20:53:23.522900  5951 db_lmdb.cpp:35] Opened lmdb /media/myuser/120Gb/DIGITS/digits/jobs/20160917-133511-8c62/val_db
I0917 20:53:23.545768  5941 data_layer.cpp:76] output data size: 16,3,224,224
I0917 20:53:23.579727  5941 net.cpp:144] Setting up val-data
I0917 20:53:23.579764  5941 net.cpp:151] Top shape: 16 3 224 224 (2408448)
I0917 20:53:23.579776  5941 net.cpp:151] Top shape: 16 (16)
I0917 20:53:23.579783  5941 net.cpp:159] Memory required for data: 9633856
I0917 20:53:23.579793  5941 layer_factory.hpp:77] Creating layer label_val-data_1_split
I0917 20:53:23.579818  5941 net.cpp:94] Creating Layer label_val-data_1_split
I0917 20:53:23.579826  5941 net.cpp:435] label_val-data_1_split <- label
I0917 20:53:23.579838  5941 net.cpp:409] label_val-data_1_split -> label_val-data_1_split_0
I0917 20:53:23.579852  5941 net.cpp:409] label_val-data_1_split -> label_val-data_1_split_1
I0917 20:53:23.579982  5941 net.cpp:144] Setting up label_val-data_1_split
I0917 20:53:23.579993  5941 net.cpp:151] Top shape: 16 (16)
I0917 20:53:23.580000  5941 net.cpp:151] Top shape: 16 (16)
I0917 20:53:23.580008  5941 net.cpp:159] Memory required for data: 9633984
I0917 20:53:23.580015  5941 layer_factory.hpp:77] Creating layer conv1_1
I0917 20:53:23.580032  5941 net.cpp:94] Creating Layer conv1_1
I0917 20:53:23.580065  5941 net.cpp:435] conv1_1 <- data
I0917 20:53:23.580076  5941 net.cpp:409] conv1_1 -> conv1_1
I0917 20:53:23.595547  5941 net.cpp:144] Setting up conv1_1
I0917 20:53:23.595573  5941 net.cpp:151] Top shape: 16 64 224 224 (51380224)
I0917 20:53:23.595582  5941 net.cpp:159] Memory required for data: 215154880
I0917 20:53:23.595600  5941 layer_factory.hpp:77] Creating layer relu1_1
I0917 20:53:23.595614  5941 net.cpp:94] Creating Layer relu1_1
I0917 20:53:23.595623  5941 net.cpp:435] relu1_1 <- conv1_1
I0917 20:53:23.595633  5941 net.cpp:396] relu1_1 -> conv1_1 (in-place)
I0917 20:53:23.595649  5941 net.cpp:144] Setting up relu1_1
I0917 20:53:23.595657  5941 net.cpp:151] Top shape: 16 64 224 224 (51380224)
I0917 20:53:23.595664  5941 net.cpp:159] Memory required for data: 420675776
I0917 20:53:23.595671  5941 layer_factory.hpp:77] Creating layer conv1_2
I0917 20:53:23.595688  5941 net.cpp:94] Creating Layer conv1_2
I0917 20:53:23.595696  5941 net.cpp:435] conv1_2 <- conv1_1
I0917 20:53:23.595706  5941 net.cpp:409] conv1_2 -> conv1_2
I0917 20:53:23.681512  5941 net.cpp:144] Setting up conv1_2
I0917 20:53:23.681550  5941 net.cpp:151] Top shape: 16 64 224 224 (51380224)
I0917 20:53:23.681558  5941 net.cpp:159] Memory required for data: 626196672
I0917 20:53:23.681578  5941 layer_factory.hpp:77] Creating layer relu1_2
I0917 20:53:23.681593  5941 net.cpp:94] Creating Layer relu1_2
I0917 20:53:23.681602  5941 net.cpp:435] relu1_2 <- conv1_2
I0917 20:53:23.681612  5941 net.cpp:396] relu1_2 -> conv1_2 (in-place)
I0917 20:53:23.681628  5941 net.cpp:144] Setting up relu1_2
I0917 20:53:23.681653  5941 net.cpp:151] Top shape: 16 64 224 224 (51380224)
I0917 20:53:23.681660  5941 net.cpp:159] Memory required for data: 831717568
I0917 20:53:23.681668  5941 layer_factory.hpp:77] Creating layer pool1
I0917 20:53:23.681679  5941 net.cpp:94] Creating Layer pool1
I0917 20:53:23.681686  5941 net.cpp:435] pool1 <- conv1_2
I0917 20:53:23.681696  5941 net.cpp:409] pool1 -> pool1
I0917 20:53:23.681805  5941 net.cpp:144] Setting up pool1
I0917 20:53:23.681815  5941 net.cpp:151] Top shape: 16 64 112 112 (12845056)
I0917 20:53:23.681823  5941 net.cpp:159] Memory required for data: 883097792
I0917 20:53:23.681829  5941 layer_factory.hpp:77] Creating layer conv2_1
I0917 20:53:23.681845  5941 net.cpp:94] Creating Layer conv2_1
I0917 20:53:23.681854  5941 net.cpp:435] conv2_1 <- pool1
I0917 20:53:23.681864  5941 net.cpp:409] conv2_1 -> conv2_1
I0917 20:53:23.716401  5941 net.cpp:144] Setting up conv2_1
I0917 20:53:23.716433  5941 net.cpp:151] Top shape: 16 128 112 112 (25690112)
I0917 20:53:23.716440  5941 net.cpp:159] Memory required for data: 985858240
I0917 20:53:23.716460  5941 layer_factory.hpp:77] Creating layer relu2_1
I0917 20:53:23.716477  5941 net.cpp:94] Creating Layer relu2_1
I0917 20:53:23.716486  5941 net.cpp:435] relu2_1 <- conv2_1
I0917 20:53:23.716497  5941 net.cpp:396] relu2_1 -> conv2_1 (in-place)
I0917 20:53:23.716513  5941 net.cpp:144] Setting up relu2_1
I0917 20:53:23.716522  5941 net.cpp:151] Top shape: 16 128 112 112 (25690112)
I0917 20:53:23.716529  5941 net.cpp:159] Memory required for data: 1088618688
I0917 20:53:23.716536  5941 layer_factory.hpp:77] Creating layer conv2_2
I0917 20:53:23.716552  5941 net.cpp:94] Creating Layer conv2_2
I0917 20:53:23.716560  5941 net.cpp:435] conv2_2 <- conv2_1
I0917 20:53:23.716570  5941 net.cpp:409] conv2_2 -> conv2_2
I0917 20:53:23.775589  5941 net.cpp:144] Setting up conv2_2
I0917 20:53:23.775629  5941 net.cpp:151] Top shape: 16 128 112 112 (25690112)
I0917 20:53:23.775641  5941 net.cpp:159] Memory required for data: 1191379136
I0917 20:53:23.775661  5941 layer_factory.hpp:77] Creating layer relu2_2
I0917 20:53:23.775683  5941 net.cpp:94] Creating Layer relu2_2
I0917 20:53:23.775692  5941 net.cpp:435] relu2_2 <- conv2_2
I0917 20:53:23.775703  5941 net.cpp:396] relu2_2 -> conv2_2 (in-place)
I0917 20:53:23.775719  5941 net.cpp:144] Setting up relu2_2
I0917 20:53:23.775728  5941 net.cpp:151] Top shape: 16 128 112 112 (25690112)
I0917 20:53:23.775735  5941 net.cpp:159] Memory required for data: 1294139584
I0917 20:53:23.775768  5941 layer_factory.hpp:77] Creating layer pool2
I0917 20:53:23.775780  5941 net.cpp:94] Creating Layer pool2
I0917 20:53:23.775787  5941 net.cpp:435] pool2 <- conv2_2
I0917 20:53:23.775797  5941 net.cpp:409] pool2 -> pool2
I0917 20:53:23.775902  5941 net.cpp:144] Setting up pool2
I0917 20:53:23.775912  5941 net.cpp:151] Top shape: 16 128 56 56 (6422528)
I0917 20:53:23.775918  5941 net.cpp:159] Memory required for data: 1319829696
I0917 20:53:23.775925  5941 layer_factory.hpp:77] Creating layer conv3_1
I0917 20:53:23.775940  5941 net.cpp:94] Creating Layer conv3_1
I0917 20:53:23.775949  5941 net.cpp:435] conv3_1 <- pool2
I0917 20:53:23.775959  5941 net.cpp:409] conv3_1 -> conv3_1
I0917 20:53:23.807663  5941 net.cpp:144] Setting up conv3_1
I0917 20:53:23.807704  5941 net.cpp:151] Top shape: 16 256 56 56 (12845056)
I0917 20:53:23.807716  5941 net.cpp:159] Memory required for data: 1371209920
I0917 20:53:23.807746  5941 layer_factory.hpp:77] Creating layer relu3_1
I0917 20:53:23.807762  5941 net.cpp:94] Creating Layer relu3_1
I0917 20:53:23.807771  5941 net.cpp:435] relu3_1 <- conv3_1
I0917 20:53:23.807781  5941 net.cpp:396] relu3_1 -> conv3_1 (in-place)
I0917 20:53:23.807798  5941 net.cpp:144] Setting up relu3_1
I0917 20:53:23.807807  5941 net.cpp:151] Top shape: 16 256 56 56 (12845056)
I0917 20:53:23.807814  5941 net.cpp:159] Memory required for data: 1422590144
I0917 20:53:23.807821  5941 layer_factory.hpp:77] Creating layer conv3_2
I0917 20:53:23.807837  5941 net.cpp:94] Creating Layer conv3_2
I0917 20:53:23.807844  5941 net.cpp:435] conv3_2 <- conv3_1
I0917 20:53:23.807855  5941 net.cpp:409] conv3_2 -> conv3_2
I0917 20:53:23.859889  5941 net.cpp:144] Setting up conv3_2
I0917 20:53:23.859925  5941 net.cpp:151] Top shape: 16 256 56 56 (12845056)
I0917 20:53:23.859937  5941 net.cpp:159] Memory required for data: 1473970368
I0917 20:53:23.859959  5941 layer_factory.hpp:77] Creating layer relu3_2
I0917 20:53:23.859982  5941 net.cpp:94] Creating Layer relu3_2
I0917 20:53:23.859992  5941 net.cpp:435] relu3_2 <- conv3_2
I0917 20:53:23.860002  5941 net.cpp:396] relu3_2 -> conv3_2 (in-place)
I0917 20:53:23.860018  5941 net.cpp:144] Setting up relu3_2
I0917 20:53:23.860028  5941 net.cpp:151] Top shape: 16 256 56 56 (12845056)
I0917 20:53:23.860034  5941 net.cpp:159] Memory required for data: 1525350592
I0917 20:53:23.860041  5941 layer_factory.hpp:77] Creating layer conv3_3
I0917 20:53:23.860062  5941 net.cpp:94] Creating Layer conv3_3
I0917 20:53:23.860069  5941 net.cpp:435] conv3_3 <- conv3_2
I0917 20:53:23.860080  5941 net.cpp:409] conv3_3 -> conv3_3
I0917 20:53:23.914224  5941 net.cpp:144] Setting up conv3_3
I0917 20:53:23.914263  5941 net.cpp:151] Top shape: 16 256 56 56 (12845056)
I0917 20:53:23.914274  5941 net.cpp:159] Memory required for data: 1576730816
I0917 20:53:23.914296  5941 layer_factory.hpp:77] Creating layer relu3_3
I0917 20:53:23.914319  5941 net.cpp:94] Creating Layer relu3_3
I0917 20:53:23.914329  5941 net.cpp:435] relu3_3 <- conv3_3
I0917 20:53:23.914340  5941 net.cpp:396] relu3_3 -> conv3_3 (in-place)
I0917 20:53:23.914355  5941 net.cpp:144] Setting up relu3_3
I0917 20:53:23.914364  5941 net.cpp:151] Top shape: 16 256 56 56 (12845056)
I0917 20:53:23.914371  5941 net.cpp:159] Memory required for data: 1628111040
I0917 20:53:23.914378  5941 layer_factory.hpp:77] Creating layer conv3_4
I0917 20:53:23.914394  5941 net.cpp:94] Creating Layer conv3_4
I0917 20:53:23.914402  5941 net.cpp:435] conv3_4 <- conv3_3
I0917 20:53:23.914412  5941 net.cpp:409] conv3_4 -> conv3_4
I0917 20:53:23.967517  5941 net.cpp:144] Setting up conv3_4
I0917 20:53:23.967553  5941 net.cpp:151] Top shape: 16 256 56 56 (12845056)
I0917 20:53:23.967561  5941 net.cpp:159] Memory required for data: 1679491264
I0917 20:53:23.967577  5941 layer_factory.hpp:77] Creating layer relu3_4
I0917 20:53:23.967592  5941 net.cpp:94] Creating Layer relu3_4
I0917 20:53:23.967602  5941 net.cpp:435] relu3_4 <- conv3_4
I0917 20:53:23.967612  5941 net.cpp:396] relu3_4 -> conv3_4 (in-place)
I0917 20:53:23.967628  5941 net.cpp:144] Setting up relu3_4
I0917 20:53:23.967664  5941 net.cpp:151] Top shape: 16 256 56 56 (12845056)
I0917 20:53:23.967671  5941 net.cpp:159] Memory required for data: 1730871488
I0917 20:53:23.967679  5941 layer_factory.hpp:77] Creating layer pool3
I0917 20:53:23.967690  5941 net.cpp:94] Creating Layer pool3
I0917 20:53:23.967697  5941 net.cpp:435] pool3 <- conv3_4
I0917 20:53:23.967707  5941 net.cpp:409] pool3 -> pool3
I0917 20:53:23.967811  5941 net.cpp:144] Setting up pool3
I0917 20:53:23.967821  5941 net.cpp:151] Top shape: 16 256 28 28 (3211264)
I0917 20:53:23.967828  5941 net.cpp:159] Memory required for data: 1743716544
I0917 20:53:23.967835  5941 layer_factory.hpp:77] Creating layer conv4_1
I0917 20:53:23.967851  5941 net.cpp:94] Creating Layer conv4_1
I0917 20:53:23.967859  5941 net.cpp:435] conv4_1 <- pool3
I0917 20:53:23.967869  5941 net.cpp:409] conv4_1 -> conv4_1
I0917 20:53:24.004529  5941 net.cpp:144] Setting up conv4_1
I0917 20:53:24.004570  5941 net.cpp:151] Top shape: 16 512 28 28 (6422528)
I0917 20:53:24.004578  5941 net.cpp:159] Memory required for data: 1769406656
I0917 20:53:24.004604  5941 layer_factory.hpp:77] Creating layer relu4_1
I0917 20:53:24.004619  5941 net.cpp:94] Creating Layer relu4_1
I0917 20:53:24.004629  5941 net.cpp:435] relu4_1 <- conv4_1
I0917 20:53:24.004639  5941 net.cpp:396] relu4_1 -> conv4_1 (in-place)
I0917 20:53:24.004657  5941 net.cpp:144] Setting up relu4_1
I0917 20:53:24.004665  5941 net.cpp:151] Top shape: 16 512 28 28 (6422528)
I0917 20:53:24.004673  5941 net.cpp:159] Memory required for data: 1795096768
I0917 20:53:24.004679  5941 layer_factory.hpp:77] Creating layer conv4_2
I0917 20:53:24.004695  5941 net.cpp:94] Creating Layer conv4_2
I0917 20:53:24.004703  5941 net.cpp:435] conv4_2 <- conv4_1
I0917 20:53:24.004714  5941 net.cpp:409] conv4_2 -> conv4_2
I0917 20:53:24.071753  5941 net.cpp:144] Setting up conv4_2
I0917 20:53:24.071784  5941 net.cpp:151] Top shape: 16 512 28 28 (6422528)
I0917 20:53:24.071791  5941 net.cpp:159] Memory required for data: 1820786880
I0917 20:53:24.071806  5941 layer_factory.hpp:77] Creating layer relu4_2
I0917 20:53:24.071821  5941 net.cpp:94] Creating Layer relu4_2
I0917 20:53:24.071830  5941 net.cpp:435] relu4_2 <- conv4_2
I0917 20:53:24.071841  5941 net.cpp:396] relu4_2 -> conv4_2 (in-place)
I0917 20:53:24.071856  5941 net.cpp:144] Setting up relu4_2
I0917 20:53:24.071866  5941 net.cpp:151] Top shape: 16 512 28 28 (6422528)
I0917 20:53:24.071872  5941 net.cpp:159] Memory required for data: 1846476992
I0917 20:53:24.071879  5941 layer_factory.hpp:77] Creating layer conv4_3
I0917 20:53:24.071894  5941 net.cpp:94] Creating Layer conv4_3
I0917 20:53:24.071902  5941 net.cpp:435] conv4_3 <- conv4_2
I0917 20:53:24.071913  5941 net.cpp:409] conv4_3 -> conv4_3
I0917 20:53:24.137568  5941 net.cpp:144] Setting up conv4_3
I0917 20:53:24.137599  5941 net.cpp:151] Top shape: 16 512 28 28 (6422528)
I0917 20:53:24.137608  5941 net.cpp:159] Memory required for data: 1872167104
I0917 20:53:24.137624  5941 layer_factory.hpp:77] Creating layer relu4_3
I0917 20:53:24.137646  5941 net.cpp:94] Creating Layer relu4_3
I0917 20:53:24.137656  5941 net.cpp:435] relu4_3 <- conv4_3
I0917 20:53:24.137667  5941 net.cpp:396] relu4_3 -> conv4_3 (in-place)
I0917 20:53:24.137683  5941 net.cpp:144] Setting up relu4_3
I0917 20:53:24.137692  5941 net.cpp:151] Top shape: 16 512 28 28 (6422528)
I0917 20:53:24.137699  5941 net.cpp:159] Memory required for data: 1897857216
I0917 20:53:24.137706  5941 layer_factory.hpp:77] Creating layer conv4_4
I0917 20:53:24.137722  5941 net.cpp:94] Creating Layer conv4_4
I0917 20:53:24.137728  5941 net.cpp:435] conv4_4 <- conv4_3
I0917 20:53:24.137739  5941 net.cpp:409] conv4_4 -> conv4_4
I0917 20:53:24.202831  5941 net.cpp:144] Setting up conv4_4
I0917 20:53:24.202860  5941 net.cpp:151] Top shape: 16 512 28 28 (6422528)
I0917 20:53:24.202868  5941 net.cpp:159] Memory required for data: 1923547328
I0917 20:53:24.202883  5941 layer_factory.hpp:77] Creating layer relu4_4
I0917 20:53:24.202896  5941 net.cpp:94] Creating Layer relu4_4
I0917 20:53:24.202931  5941 net.cpp:435] relu4_4 <- conv4_4
I0917 20:53:24.202942  5941 net.cpp:396] relu4_4 -> conv4_4 (in-place)
I0917 20:53:24.202957  5941 net.cpp:144] Setting up relu4_4
I0917 20:53:24.202966  5941 net.cpp:151] Top shape: 16 512 28 28 (6422528)
I0917 20:53:24.202973  5941 net.cpp:159] Memory required for data: 1949237440
I0917 20:53:24.202980  5941 layer_factory.hpp:77] Creating layer pool4
I0917 20:53:24.202991  5941 net.cpp:94] Creating Layer pool4
I0917 20:53:24.202999  5941 net.cpp:435] pool4 <- conv4_4
I0917 20:53:24.203008  5941 net.cpp:409] pool4 -> pool4
I0917 20:53:24.203068  5941 net.cpp:144] Setting up pool4
I0917 20:53:24.203078  5941 net.cpp:151] Top shape: 16 512 14 14 (1605632)
I0917 20:53:24.203085  5941 net.cpp:159] Memory required for data: 1955659968
I0917 20:53:24.203093  5941 layer_factory.hpp:77] Creating layer conv5_1
I0917 20:53:24.203106  5941 net.cpp:94] Creating Layer conv5_1
I0917 20:53:24.203114  5941 net.cpp:435] conv5_1 <- pool4
I0917 20:53:24.203125  5941 net.cpp:409] conv5_1 -> conv5_1
I0917 20:53:24.243003  5941 net.cpp:144] Setting up conv5_1
I0917 20:53:24.243033  5941 net.cpp:151] Top shape: 16 512 14 14 (1605632)
I0917 20:53:24.243041  5941 net.cpp:159] Memory required for data: 1962082496
I0917 20:53:24.243055  5941 layer_factory.hpp:77] Creating layer relu5_1
I0917 20:53:24.243069  5941 net.cpp:94] Creating Layer relu5_1
I0917 20:53:24.243078  5941 net.cpp:435] relu5_1 <- conv5_1
I0917 20:53:24.243089  5941 net.cpp:396] relu5_1 -> conv5_1 (in-place)
I0917 20:53:24.243103  5941 net.cpp:144] Setting up relu5_1
I0917 20:53:24.243113  5941 net.cpp:151] Top shape: 16 512 14 14 (1605632)
I0917 20:53:24.243119  5941 net.cpp:159] Memory required for data: 1968505024
I0917 20:53:24.243127  5941 layer_factory.hpp:77] Creating layer conv5_2
I0917 20:53:24.243149  5941 net.cpp:94] Creating Layer conv5_2
I0917 20:53:24.243157  5941 net.cpp:435] conv5_2 <- conv5_1
I0917 20:53:24.243168  5941 net.cpp:409] conv5_2 -> conv5_2
I0917 20:53:24.283056  5941 net.cpp:144] Setting up conv5_2
I0917 20:53:24.283085  5941 net.cpp:151] Top shape: 16 512 14 14 (1605632)
I0917 20:53:24.283093  5941 net.cpp:159] Memory required for data: 1974927552
I0917 20:53:24.283107  5941 layer_factory.hpp:77] Creating layer relu5_2
I0917 20:53:24.283121  5941 net.cpp:94] Creating Layer relu5_2
I0917 20:53:24.283131  5941 net.cpp:435] relu5_2 <- conv5_2
I0917 20:53:24.283141  5941 net.cpp:396] relu5_2 -> conv5_2 (in-place)
I0917 20:53:24.283157  5941 net.cpp:144] Setting up relu5_2
I0917 20:53:24.283166  5941 net.cpp:151] Top shape: 16 512 14 14 (1605632)
I0917 20:53:24.283174  5941 net.cpp:159] Memory required for data: 1981350080
I0917 20:53:24.283180  5941 layer_factory.hpp:77] Creating layer conv5_3
I0917 20:53:24.283195  5941 net.cpp:94] Creating Layer conv5_3
I0917 20:53:24.283203  5941 net.cpp:435] conv5_3 <- conv5_2
I0917 20:53:24.283215  5941 net.cpp:409] conv5_3 -> conv5_3
I0917 20:53:24.322736  5941 net.cpp:144] Setting up conv5_3
I0917 20:53:24.322765  5941 net.cpp:151] Top shape: 16 512 14 14 (1605632)
I0917 20:53:24.322772  5941 net.cpp:159] Memory required for data: 1987772608
I0917 20:53:24.322788  5941 layer_factory.hpp:77] Creating layer relu5_3
I0917 20:53:24.322801  5941 net.cpp:94] Creating Layer relu5_3
I0917 20:53:24.322810  5941 net.cpp:435] relu5_3 <- conv5_3
I0917 20:53:24.322821  5941 net.cpp:396] relu5_3 -> conv5_3 (in-place)
I0917 20:53:24.322835  5941 net.cpp:144] Setting up relu5_3
I0917 20:53:24.322844  5941 net.cpp:151] Top shape: 16 512 14 14 (1605632)
I0917 20:53:24.322851  5941 net.cpp:159] Memory required for data: 1994195136
I0917 20:53:24.322859  5941 layer_factory.hpp:77] Creating layer conv5_4
I0917 20:53:24.322873  5941 net.cpp:94] Creating Layer conv5_4
I0917 20:53:24.322880  5941 net.cpp:435] conv5_4 <- conv5_3
I0917 20:53:24.322891  5941 net.cpp:409] conv5_4 -> conv5_4
I0917 20:53:24.362679  5941 net.cpp:144] Setting up conv5_4
I0917 20:53:24.362705  5941 net.cpp:151] Top shape: 16 512 14 14 (1605632)
I0917 20:53:24.362714  5941 net.cpp:159] Memory required for data: 2000617664
I0917 20:53:24.362747  5941 layer_factory.hpp:77] Creating layer relu5_4
I0917 20:53:24.362761  5941 net.cpp:94] Creating Layer relu5_4
I0917 20:53:24.362771  5941 net.cpp:435] relu5_4 <- conv5_4
I0917 20:53:24.362781  5941 net.cpp:396] relu5_4 -> conv5_4 (in-place)
I0917 20:53:24.362797  5941 net.cpp:144] Setting up relu5_4
I0917 20:53:24.362805  5941 net.cpp:151] Top shape: 16 512 14 14 (1605632)
I0917 20:53:24.362812  5941 net.cpp:159] Memory required for data: 2007040192
I0917 20:53:24.362819  5941 layer_factory.hpp:77] Creating layer pool5
I0917 20:53:24.362831  5941 net.cpp:94] Creating Layer pool5
I0917 20:53:24.362838  5941 net.cpp:435] pool5 <- conv5_4
I0917 20:53:24.362848  5941 net.cpp:409] pool5 -> pool5
I0917 20:53:24.362916  5941 net.cpp:144] Setting up pool5
I0917 20:53:24.362926  5941 net.cpp:151] Top shape: 16 512 7 7 (401408)
I0917 20:53:24.362933  5941 net.cpp:159] Memory required for data: 2008645824
I0917 20:53:24.362941  5941 layer_factory.hpp:77] Creating layer fc6
I0917 20:53:24.362952  5941 net.cpp:94] Creating Layer fc6
I0917 20:53:24.362959  5941 net.cpp:435] fc6 <- pool5
I0917 20:53:24.362969  5941 net.cpp:409] fc6 -> fc6
I0917 20:53:25.464228  5941 net.cpp:144] Setting up fc6
I0917 20:53:25.464275  5941 net.cpp:151] Top shape: 16 4096 (65536)
I0917 20:53:25.464283  5941 net.cpp:159] Memory required for data: 2008907968
I0917 20:53:25.464314  5941 layer_factory.hpp:77] Creating layer relu6
I0917 20:53:25.464330  5941 net.cpp:94] Creating Layer relu6
I0917 20:53:25.464340  5941 net.cpp:435] relu6 <- fc6
I0917 20:53:25.464351  5941 net.cpp:396] relu6 -> fc6 (in-place)
I0917 20:53:25.464370  5941 net.cpp:144] Setting up relu6
I0917 20:53:25.464377  5941 net.cpp:151] Top shape: 16 4096 (65536)
I0917 20:53:25.464385  5941 net.cpp:159] Memory required for data: 2009170112
I0917 20:53:25.464391  5941 layer_factory.hpp:77] Creating layer drop6
I0917 20:53:25.464403  5941 net.cpp:94] Creating Layer drop6
I0917 20:53:25.464411  5941 net.cpp:435] drop6 <- fc6
I0917 20:53:25.464421  5941 net.cpp:396] drop6 -> fc6 (in-place)
I0917 20:53:25.464457  5941 net.cpp:144] Setting up drop6
I0917 20:53:25.464467  5941 net.cpp:151] Top shape: 16 4096 (65536)
I0917 20:53:25.464473  5941 net.cpp:159] Memory required for data: 2009432256
I0917 20:53:25.464479  5941 layer_factory.hpp:77] Creating layer fc7
I0917 20:53:25.464493  5941 net.cpp:94] Creating Layer fc7
I0917 20:53:25.464500  5941 net.cpp:435] fc7 <- fc6
I0917 20:53:25.464509  5941 net.cpp:409] fc7 -> fc7
I0917 20:53:25.644260  5941 net.cpp:144] Setting up fc7
I0917 20:53:25.644310  5941 net.cpp:151] Top shape: 16 4096 (65536)
I0917 20:53:25.644318  5941 net.cpp:159] Memory required for data: 2009694400
I0917 20:53:25.644335  5941 layer_factory.hpp:77] Creating layer relu7
I0917 20:53:25.644352  5941 net.cpp:94] Creating Layer relu7
I0917 20:53:25.644362  5941 net.cpp:435] relu7 <- fc7
I0917 20:53:25.644374  5941 net.cpp:396] relu7 -> fc7 (in-place)
I0917 20:53:25.644392  5941 net.cpp:144] Setting up relu7
I0917 20:53:25.644400  5941 net.cpp:151] Top shape: 16 4096 (65536)
I0917 20:53:25.644407  5941 net.cpp:159] Memory required for data: 2009956544
I0917 20:53:25.644414  5941 layer_factory.hpp:77] Creating layer drop7
I0917 20:53:25.644426  5941 net.cpp:94] Creating Layer drop7
I0917 20:53:25.644433  5941 net.cpp:435] drop7 <- fc7
I0917 20:53:25.644443  5941 net.cpp:396] drop7 -> fc7 (in-place)
I0917 20:53:25.644480  5941 net.cpp:144] Setting up drop7
I0917 20:53:25.644490  5941 net.cpp:151] Top shape: 16 4096 (65536)
I0917 20:53:25.644496  5941 net.cpp:159] Memory required for data: 2010218688
I0917 20:53:25.644503  5941 layer_factory.hpp:77] Creating layer fc8
I0917 20:53:25.644516  5941 net.cpp:94] Creating Layer fc8
I0917 20:53:25.644523  5941 net.cpp:435] fc8 <- fc7
I0917 20:53:25.644533  5941 net.cpp:409] fc8 -> fc8
I0917 20:53:25.644752  5941 net.cpp:144] Setting up fc8
I0917 20:53:25.644762  5941 net.cpp:151] Top shape: 16 2 (32)
I0917 20:53:25.644769  5941 net.cpp:159] Memory required for data: 2010218816
I0917 20:53:25.644779  5941 layer_factory.hpp:77] Creating layer fc8_fc8_0_split
I0917 20:53:25.644834  5941 net.cpp:94] Creating Layer fc8_fc8_0_split
I0917 20:53:25.644842  5941 net.cpp:435] fc8_fc8_0_split <- fc8
I0917 20:53:25.644851  5941 net.cpp:409] fc8_fc8_0_split -> fc8_fc8_0_split_0
I0917 20:53:25.644862  5941 net.cpp:409] fc8_fc8_0_split -> fc8_fc8_0_split_1
I0917 20:53:25.644914  5941 net.cpp:144] Setting up fc8_fc8_0_split
I0917 20:53:25.644923  5941 net.cpp:151] Top shape: 16 2 (32)
I0917 20:53:25.644932  5941 net.cpp:151] Top shape: 16 2 (32)
I0917 20:53:25.644938  5941 net.cpp:159] Memory required for data: 2010219072
I0917 20:53:25.644945  5941 layer_factory.hpp:77] Creating layer accuracy
I0917 20:53:25.644956  5941 net.cpp:94] Creating Layer accuracy
I0917 20:53:25.644964  5941 net.cpp:435] accuracy <- fc8_fc8_0_split_0
I0917 20:53:25.644973  5941 net.cpp:435] accuracy <- label_val-data_1_split_0
I0917 20:53:25.644982  5941 net.cpp:409] accuracy -> accuracy
I0917 20:53:25.644995  5941 net.cpp:144] Setting up accuracy
I0917 20:53:25.645004  5941 net.cpp:151] Top shape: (1)
I0917 20:53:25.645011  5941 net.cpp:159] Memory required for data: 2010219076
I0917 20:53:25.645018  5941 layer_factory.hpp:77] Creating layer loss
I0917 20:53:25.645028  5941 net.cpp:94] Creating Layer loss
I0917 20:53:25.645035  5941 net.cpp:435] loss <- fc8_fc8_0_split_1
I0917 20:53:25.645043  5941 net.cpp:435] loss <- label_val-data_1_split_1
I0917 20:53:25.645053  5941 net.cpp:409] loss -> loss
I0917 20:53:25.645066  5941 layer_factory.hpp:77] Creating layer loss
I0917 20:53:25.645202  5941 net.cpp:144] Setting up loss
I0917 20:53:25.645212  5941 net.cpp:151] Top shape: (1)
I0917 20:53:25.645218  5941 net.cpp:154]     with loss weight 1
I0917 20:53:25.645237  5941 net.cpp:159] Memory required for data: 2010219080
I0917 20:53:25.645244  5941 net.cpp:220] loss needs backward computation.
I0917 20:53:25.645251  5941 net.cpp:222] accuracy does not need backward computation.
I0917 20:53:25.645259  5941 net.cpp:220] fc8_fc8_0_split needs backward computation.
I0917 20:53:25.645267  5941 net.cpp:220] fc8 needs backward computation.
I0917 20:53:25.645273  5941 net.cpp:220] drop7 needs backward computation.
I0917 20:53:25.645279  5941 net.cpp:220] relu7 needs backward computation.
I0917 20:53:25.645287  5941 net.cpp:220] fc7 needs backward computation.
I0917 20:53:25.645293  5941 net.cpp:220] drop6 needs backward computation.
I0917 20:53:25.645300  5941 net.cpp:220] relu6 needs backward computation.
I0917 20:53:25.645306  5941 net.cpp:220] fc6 needs backward computation.
I0917 20:53:25.645314  5941 net.cpp:220] pool5 needs backward computation.
I0917 20:53:25.645323  5941 net.cpp:220] relu5_4 needs backward computation.
I0917 20:53:25.645329  5941 net.cpp:220] conv5_4 needs backward computation.
I0917 20:53:25.645336  5941 net.cpp:220] relu5_3 needs backward computation.
I0917 20:53:25.645344  5941 net.cpp:220] conv5_3 needs backward computation.
I0917 20:53:25.645350  5941 net.cpp:220] relu5_2 needs backward computation.
I0917 20:53:25.645357  5941 net.cpp:220] conv5_2 needs backward computation.
I0917 20:53:25.645364  5941 net.cpp:220] relu5_1 needs backward computation.
I0917 20:53:25.645371  5941 net.cpp:220] conv5_1 needs backward computation.
I0917 20:53:25.645380  5941 net.cpp:220] pool4 needs backward computation.
I0917 20:53:25.645386  5941 net.cpp:220] relu4_4 needs backward computation.
I0917 20:53:25.645393  5941 net.cpp:220] conv4_4 needs backward computation.
I0917 20:53:25.645401  5941 net.cpp:220] relu4_3 needs backward computation.
I0917 20:53:25.645407  5941 net.cpp:220] conv4_3 needs backward computation.
I0917 20:53:25.645414  5941 net.cpp:220] relu4_2 needs backward computation.
I0917 20:53:25.645421  5941 net.cpp:220] conv4_2 needs backward computation.
I0917 20:53:25.645428  5941 net.cpp:220] relu4_1 needs backward computation.
I0917 20:53:25.645434  5941 net.cpp:220] conv4_1 needs backward computation.
I0917 20:53:25.645442  5941 net.cpp:220] pool3 needs backward computation.
I0917 20:53:25.645449  5941 net.cpp:220] relu3_4 needs backward computation.
I0917 20:53:25.645465  5941 net.cpp:220] conv3_4 needs backward computation.
I0917 20:53:25.645473  5941 net.cpp:220] relu3_3 needs backward computation.
I0917 20:53:25.645480  5941 net.cpp:220] conv3_3 needs backward computation.
I0917 20:53:25.645488  5941 net.cpp:220] relu3_2 needs backward computation.
I0917 20:53:25.645494  5941 net.cpp:220] conv3_2 needs backward computation.
I0917 20:53:25.645501  5941 net.cpp:220] relu3_1 needs backward computation.
I0917 20:53:25.645509  5941 net.cpp:220] conv3_1 needs backward computation.
I0917 20:53:25.645515  5941 net.cpp:220] pool2 needs backward computation.
I0917 20:53:25.645522  5941 net.cpp:220] relu2_2 needs backward computation.
I0917 20:53:25.645529  5941 net.cpp:220] conv2_2 needs backward computation.
I0917 20:53:25.645537  5941 net.cpp:220] relu2_1 needs backward computation.
I0917 20:53:25.645544  5941 net.cpp:220] conv2_1 needs backward computation.
I0917 20:53:25.645550  5941 net.cpp:220] pool1 needs backward computation.
I0917 20:53:25.645558  5941 net.cpp:220] relu1_2 needs backward computation.
I0917 20:53:25.645565  5941 net.cpp:220] conv1_2 needs backward computation.
I0917 20:53:25.645571  5941 net.cpp:220] relu1_1 needs backward computation.
I0917 20:53:25.645578  5941 net.cpp:220] conv1_1 needs backward computation.
I0917 20:53:25.645586  5941 net.cpp:222] label_val-data_1_split does not need backward computation.
I0917 20:53:25.645593  5941 net.cpp:222] val-data does not need backward computation.
I0917 20:53:25.645601  5941 net.cpp:264] This network produces output accuracy
I0917 20:53:25.645607  5941 net.cpp:264] This network produces output loss
I0917 20:53:25.645658  5941 net.cpp:284] Network initialization done.
I0917 20:53:25.645859  5941 solver.cpp:60] Solver scaffolding done.
I0917 20:53:25.647956  5941 caffe.cpp:231] Starting Optimization
I0917 20:53:25.647964  5941 solver.cpp:304] Solving
I0917 20:53:25.647971  5941 solver.cpp:305] Learning Rate Policy: step
I0917 20:53:25.653872  5941 solver.cpp:362] Iteration 0, Testing net (#0)
I0917 20:53:25.653887  5941 net.cpp:723] Ignoring source layer train-data
I0917 20:53:55.258302  5941 solver.cpp:429]     Test net output #0: accuracy = 0.50619
I0917 20:53:55.258397  5941 solver.cpp:429]     Test net output #1: loss = 0.698559 (* 1 = 0.698559 loss)
I0917 20:54:03.480882  5941 solver.cpp:242] Iteration 0 (0 iter/s, 37.8325s/156 iter), loss = 0.789432
I0917 20:54:03.480937  5941 solver.cpp:261]     Train net output #0: loss = 0.779981 (* 1 = 0.779981 loss)
I0917 20:54:03.480964  5941 sgd_solver.cpp:106] Iteration 0, lr = 0.01
I0917 20:59:27.109233  5941 solver.cpp:242] Iteration 156 (0.482041 iter/s, 323.624s/156 iter), loss = 0.638996
I0917 20:59:27.109319  5941 solver.cpp:261]     Train net output #0: loss = 0.674434 (* 1 = 0.674434 loss)
I0917 20:59:27.109338  5941 sgd_solver.cpp:106] Iteration 156, lr = 0.01
I0917 21:04:52.411095  5941 solver.cpp:242] Iteration 312 (0.479562 iter/s, 325.297s/156 iter), loss = 0.584805
I0917 21:04:52.411178  5941 solver.cpp:261]     Train net output #0: loss = 0.563641 (* 1 = 0.563641 loss)
I0917 21:04:52.411195  5941 sgd_solver.cpp:106] Iteration 312, lr = 0.01
I0917 21:10:16.554296  5941 solver.cpp:242] Iteration 468 (0.481276 iter/s, 324.139s/156 iter), loss = 0.540591
I0917 21:10:16.554479  5941 solver.cpp:261]     Train net output #0: loss = 0.670403 (* 1 = 0.670403 loss)
I0917 21:10:16.554497  5941 sgd_solver.cpp:106] Iteration 468, lr = 0.01
I0917 21:15:44.723188  5941 solver.cpp:242] Iteration 624 (0.475372 iter/s, 328.164s/156 iter), loss = 0.433821
I0917 21:15:44.723265  5941 solver.cpp:261]     Train net output #0: loss = 0.437442 (* 1 = 0.437442 loss)
I0917 21:15:44.723283  5941 sgd_solver.cpp:106] Iteration 624, lr = 0.01
I0917 21:21:09.133565  5941 solver.cpp:242] Iteration 780 (0.480879 iter/s, 324.406s/156 iter), loss = 0.294222
I0917 21:21:09.133734  5941 solver.cpp:261]     Train net output #0: loss = 0.679735 (* 1 = 0.679735 loss)
I0917 21:21:09.133751  5941 sgd_solver.cpp:106] Iteration 780, lr = 0.01
I0917 21:26:38.172158  5941 solver.cpp:242] Iteration 936 (0.474115 iter/s, 329.034s/156 iter), loss = 0.221239
I0917 21:26:38.172260  5941 solver.cpp:261]     Train net output #0: loss = 0.272698 (* 1 = 0.272698 loss)
I0917 21:26:38.172276  5941 sgd_solver.cpp:106] Iteration 936, lr = 0.01
I0917 21:32:02.760876  5941 solver.cpp:242] Iteration 1092 (0.480615 iter/s, 324.584s/156 iter), loss = 0.277011
I0917 21:32:02.760967  5941 solver.cpp:261]     Train net output #0: loss = 0.110092 (* 1 = 0.110092 loss)
I0917 21:32:02.760984  5941 sgd_solver.cpp:106] Iteration 1092, lr = 0.01
I0917 21:37:31.093797  5941 solver.cpp:242] Iteration 1248 (0.475134 iter/s, 328.328s/156 iter), loss = 0.304006
I0917 21:37:31.093938  5941 solver.cpp:261]     Train net output #0: loss = 0.502109 (* 1 = 0.502109 loss)
I0917 21:37:31.093962  5941 sgd_solver.cpp:106] Iteration 1248, lr = 0.01
I0917 21:37:33.362660  5941 solver.cpp:479] Snapshotting to binary proto file snapshot_iter_1250.caffemodel
I0917 21:37:44.174145  5941 sgd_solver.cpp:273] Snapshotting solver state to binary proto file snapshot_iter_1250.solverstate
I0917 21:37:50.516592  5941 solver.cpp:362] Iteration 1250, Testing net (#0)
I0917 21:37:50.516759  5941 net.cpp:723] Ignoring source layer train-data
I0917 21:37:50.948506  5954 blocking_queue.cpp:50] Waiting for data
I0917 21:37:51.115905  5941 blocking_queue.cpp:50] Data layer prefetch queue empty
I0917 21:38:23.901072  5941 solver.cpp:429]     Test net output #0: accuracy = 0.876597
I0917 21:38:23.901144  5941 solver.cpp:429]     Test net output #1: loss = 0.278353 (* 1 = 0.278353 loss)
I0917 21:43:46.851176  5941 solver.cpp:242] Iteration 1404 (0.415168 iter/s, 375.752s/156 iter), loss = 0.191426
I0917 21:43:46.851277  5941 solver.cpp:261]     Train net output #0: loss = 0.0710698 (* 1 = 0.0710698 loss)
I0917 21:43:46.851294  5941 sgd_solver.cpp:106] Iteration 1404, lr = 0.01
I0917 21:49:16.255249  5941 solver.cpp:242] Iteration 1560 (0.473589 iter/s, 329.4s/156 iter), loss = 0.25259
I0917 21:49:16.255437  5941 solver.cpp:261]     Train net output #0: loss = 0.314654 (* 1 = 0.314654 loss)
I0917 21:49:16.255455  5941 sgd_solver.cpp:106] Iteration 1560, lr = 0.01
I0917 21:54:41.426467  5941 solver.cpp:242] Iteration 1716 (0.479754 iter/s, 325.167s/156 iter), loss = 0.182413
I0917 21:54:41.426550  5941 solver.cpp:261]     Train net output #0: loss = 0.327199 (* 1 = 0.327199 loss)
I0917 21:54:41.426568  5941 sgd_solver.cpp:106] Iteration 1716, lr = 0.01
I0917 22:00:10.064196  5941 solver.cpp:242] Iteration 1872 (0.474693 iter/s, 328.634s/156 iter), loss = 0.165789
I0917 22:00:10.064905  5941 solver.cpp:261]     Train net output #0: loss = 0.123043 (* 1 = 0.123043 loss)
I0917 22:00:10.064924  5941 sgd_solver.cpp:106] Iteration 1872, lr = 0.01
I0917 22:05:35.756625  5941 solver.cpp:242] Iteration 2028 (0.478987 iter/s, 325.687s/156 iter), loss = 0.0882574
I0917 22:05:35.756711  5941 solver.cpp:261]     Train net output #0: loss = 0.109978 (* 1 = 0.109978 loss)
I0917 22:05:35.756729  5941 sgd_solver.cpp:106] Iteration 2028, lr = 0.01
I0917 22:11:00.965509  5941 solver.cpp:242] Iteration 2184 (0.479698 iter/s, 325.205s/156 iter), loss = 0.129328
I0917 22:11:00.965606  5941 solver.cpp:261]     Train net output #0: loss = 0.227777 (* 1 = 0.227777 loss)
I0917 22:11:00.965626  5941 sgd_solver.cpp:106] Iteration 2184, lr = 0.01
I0917 22:16:30.115202  5941 solver.cpp:242] Iteration 2340 (0.473955 iter/s, 329.145s/156 iter), loss = 0.121018
I0917 22:16:30.115298  5941 solver.cpp:261]     Train net output #0: loss = 0.152369 (* 1 = 0.152369 loss)
I0917 22:16:30.115317  5941 sgd_solver.cpp:106] Iteration 2340, lr = 0.01
I0917 22:21:55.358535  5941 solver.cpp:242] Iteration 2496 (0.479647 iter/s, 325.239s/156 iter), loss = 0.0953102
I0917 22:21:55.358724  5941 solver.cpp:261]     Train net output #0: loss = 0.024521 (* 1 = 0.024521 loss)
I0917 22:21:55.358746  5941 sgd_solver.cpp:106] Iteration 2496, lr = 0.01
I0917 22:22:01.680366  5941 solver.cpp:479] Snapshotting to binary proto file snapshot_iter_2500.caffemodel
I0917 22:23:25.138802  5941 sgd_solver.cpp:273] Snapshotting solver state to binary proto file snapshot_iter_2500.solverstate
I0917 22:23:28.912868  5941 solver.cpp:362] Iteration 2500, Testing net (#0)
I0917 22:23:28.912909  5941 net.cpp:723] Ignoring source layer train-data
I0917 22:24:01.859433  5941 solver.cpp:429]     Test net output #0: accuracy = 0.933706
I0917 22:24:01.859504  5941 solver.cpp:429]     Test net output #1: loss = 0.165998 (* 1 = 0.165998 loss)
I0917 22:29:24.057780  5941 solver.cpp:242] Iteration 2652 (0.347677 iter/s, 448.693s/156 iter), loss = 0.113515
I0917 22:29:24.057867  5941 solver.cpp:261]     Train net output #0: loss = 0.103096 (* 1 = 0.103096 loss)
I0917 22:29:24.057885  5941 sgd_solver.cpp:106] Iteration 2652, lr = 0.01
I0917 22:34:51.257032  5941 solver.cpp:242] Iteration 2808 (0.47678 iter/s, 327.195s/156 iter), loss = 0.127975
I0917 22:34:51.257134  5941 solver.cpp:261]     Train net output #0: loss = 0.278397 (* 1 = 0.278397 loss)
I0917 22:34:51.257153  5941 sgd_solver.cpp:106] Iteration 2808, lr = 0.01
I0917 22:40:16.437039  5941 solver.cpp:242] Iteration 2964 (0.47974 iter/s, 325.176s/156 iter), loss = 0.0948839
I0917 22:40:16.438066  5941 solver.cpp:261]     Train net output #0: loss = 0.0906607 (* 1 = 0.0906607 loss)
I0917 22:40:16.438084  5941 sgd_solver.cpp:106] Iteration 2964, lr = 0.01
I0917 22:45:41.483069  5941 solver.cpp:242] Iteration 3120 (0.47994 iter/s, 325.041s/156 iter), loss = 0.107205
I0917 22:45:41.483165  5941 solver.cpp:261]     Train net output #0: loss = 0.061211 (* 1 = 0.061211 loss)
I0917 22:45:41.483186  5941 sgd_solver.cpp:106] Iteration 3120, lr = 0.01
I0917 22:51:10.574604  5941 solver.cpp:242] Iteration 3276 (0.474038 iter/s, 329.087s/156 iter), loss = 0.121452
I0917 22:51:10.574700  5941 solver.cpp:261]     Train net output #0: loss = 0.198322 (* 1 = 0.198322 loss)
I0917 22:51:10.574720  5941 sgd_solver.cpp:106] Iteration 3276, lr = 0.01
I0917 22:56:35.689052  5941 solver.cpp:242] Iteration 3432 (0.479837 iter/s, 325.11s/156 iter), loss = 0.131971
I0917 22:56:35.689142  5941 solver.cpp:261]     Train net output #0: loss = 0.1711 (* 1 = 0.1711 loss)
I0917 22:56:35.689162  5941 sgd_solver.cpp:106] Iteration 3432, lr = 0.01
I0917 23:02:03.806272  5941 solver.cpp:242] Iteration 3588 (0.475446 iter/s, 328.113s/156 iter), loss = 0.0837394
I0917 23:02:03.806371  5941 solver.cpp:261]     Train net output #0: loss = 0.177935 (* 1 = 0.177935 loss)
I0917 23:02:03.806388  5941 sgd_solver.cpp:106] Iteration 3588, lr = 0.01
I0917 23:07:29.848984  5941 solver.cpp:242] Iteration 3744 (0.478471 iter/s, 326.038s/156 iter), loss = 0.0436897
I0917 23:07:29.849072  5941 solver.cpp:261]     Train net output #0: loss = 0.0760025 (* 1 = 0.0760025 loss)
I0917 23:07:29.849089  5941 sgd_solver.cpp:106] Iteration 3744, lr = 0.01
I0917 23:07:40.365624  5941 solver.cpp:479] Snapshotting to binary proto file snapshot_iter_3750.caffemodel
I0917 23:10:12.007735  5941 sgd_solver.cpp:273] Snapshotting solver state to binary proto file snapshot_iter_3750.solverstate
I0917 23:10:14.656702  5941 solver.cpp:362] Iteration 3750, Testing net (#0)
I0917 23:10:14.656739  5941 net.cpp:723] Ignoring source layer train-data
I0917 23:10:48.412619  5941 solver.cpp:429]     Test net output #0: accuracy = 0.951478
I0917 23:10:48.414506  5941 solver.cpp:429]     Test net output #1: loss = 0.122103 (* 1 = 0.122103 loss)
I0917 23:16:06.644372  5941 solver.cpp:242] Iteration 3900 (0.301865 iter/s, 516.788s/156 iter), loss = 0.149128
I0917 23:16:06.644474  5941 solver.cpp:261]     Train net output #0: loss = 0.207935 (* 1 = 0.207935 loss)
I0917 23:16:06.644492  5941 sgd_solver.cpp:106] Iteration 3900, lr = 0.01
I0917 23:21:33.489667  5941 solver.cpp:242] Iteration 4056 (0.477297 iter/s, 326.841s/156 iter), loss = 0.0399087
I0917 23:21:33.489833  5941 solver.cpp:261]     Train net output #0: loss = 0.00121108 (* 1 = 0.00121108 loss)
I0917 23:21:33.489853  5941 sgd_solver.cpp:106] Iteration 4056, lr = 0.01
I0917 23:26:58.997804  5941 solver.cpp:242] Iteration 4212 (0.479257 iter/s, 325.504s/156 iter), loss = 0.0834078
I0917 23:26:58.997890  5941 solver.cpp:261]     Train net output #0: loss = 0.0163737 (* 1 = 0.0163737 loss)
I0917 23:26:58.997907  5941 sgd_solver.cpp:106] Iteration 4212, lr = 0.01
I0917 23:32:27.527768  5941 solver.cpp:242] Iteration 4368 (0.474849 iter/s, 328.525s/156 iter), loss = 0.0578735
I0917 23:32:27.527853  5941 solver.cpp:261]     Train net output #0: loss = 0.140493 (* 1 = 0.140493 loss)
I0917 23:32:27.527869  5941 sgd_solver.cpp:106] Iteration 4368, lr = 0.01
I0917 23:37:53.860162  5941 solver.cpp:242] Iteration 4524 (0.478047 iter/s, 326.328s/156 iter), loss = 0.0186149
I0917 23:37:53.860247  5941 solver.cpp:261]     Train net output #0: loss = 0.00522585 (* 1 = 0.00522585 loss)
I0917 23:37:53.860265  5941 sgd_solver.cpp:106] Iteration 4524, lr = 0.01
I0917 23:43:19.130275  5941 solver.cpp:242] Iteration 4680 (0.479608 iter/s, 325.266s/156 iter), loss = 0.0821406
I0917 23:43:19.130360  5941 solver.cpp:261]     Train net output #0: loss = 0.0133546 (* 1 = 0.0133546 loss)
I0917 23:43:19.130378  5941 sgd_solver.cpp:106] Iteration 4680, lr = 0.01
I0917 23:48:44.568888  5941 solver.cpp:242] Iteration 4836 (0.47936 iter/s, 325.434s/156 iter), loss = 0.0332427
I0917 23:48:44.568971  5941 solver.cpp:261]     Train net output #0: loss = 0.0234098 (* 1 = 0.0234098 loss)
I0917 23:48:44.568989  5941 sgd_solver.cpp:106] Iteration 4836, lr = 0.01
I0917 23:54:14.323694  5941 solver.cpp:242] Iteration 4992 (0.473085 iter/s, 329.75s/156 iter), loss = 0.0369721
I0917 23:54:14.323779  5941 solver.cpp:261]     Train net output #0: loss = 0.100324 (* 1 = 0.100324 loss)
I0917 23:54:14.323797  5941 sgd_solver.cpp:106] Iteration 4992, lr = 0.01
I0917 23:54:28.946976  5941 solver.cpp:479] Snapshotting to binary proto file snapshot_iter_5000.caffemodel
I0917 23:57:02.397521  5941 sgd_solver.cpp:273] Snapshotting solver state to binary proto file snapshot_iter_5000.solverstate
I0917 23:57:05.216226  5941 solver.cpp:362] Iteration 5000, Testing net (#0)
I0917 23:57:05.216264  5941 net.cpp:723] Ignoring source layer train-data
I0917 23:57:38.614125  5941 solver.cpp:429]     Test net output #0: accuracy = 0.963259
I0917 23:57:38.614200  5941 solver.cpp:429]     Test net output #1: loss = 0.10532 (* 1 = 0.10532 loss)
I0918 00:02:48.257848  5941 solver.cpp:242] Iteration 5148 (0.303545 iter/s, 513.927s/156 iter), loss = 0.0738476
I0918 00:02:48.257946  5941 solver.cpp:261]     Train net output #0: loss = 0.190913 (* 1 = 0.190913 loss)
I0918 00:02:48.257963  5941 sgd_solver.cpp:106] Iteration 5148, lr = 0.01
I0918 00:08:17.419672  5941 solver.cpp:242] Iteration 5304 (0.473938 iter/s, 329.157s/156 iter), loss = 0.0387576
I0918 00:08:17.419771  5941 solver.cpp:261]     Train net output #0: loss = 0.0013164 (* 1 = 0.0013164 loss)
I0918 00:08:17.419788  5941 sgd_solver.cpp:106] Iteration 5304, lr = 0.01
I0918 00:13:42.611565  5941 solver.cpp:242] Iteration 5460 (0.479723 iter/s, 325.187s/156 iter), loss = 0.0531692
I0918 00:13:42.611656  5941 solver.cpp:261]     Train net output #0: loss = 0.00571129 (* 1 = 0.00571129 loss)
I0918 00:13:42.611675  5941 sgd_solver.cpp:106] Iteration 5460, lr = 0.01
I0918 00:19:08.314715  5941 solver.cpp:242] Iteration 5616 (0.47897 iter/s, 325.699s/156 iter), loss = 0.0679123
I0918 00:19:08.314802  5941 solver.cpp:261]     Train net output #0: loss = 0.0407562 (* 1 = 0.0407562 loss)
I0918 00:19:08.314821  5941 sgd_solver.cpp:106] Iteration 5616, lr = 0.01
I0918 00:24:37.536784  5941 solver.cpp:242] Iteration 5772 (0.473851 iter/s, 329.217s/156 iter), loss = 0.0299049
I0918 00:24:37.536871  5941 solver.cpp:261]     Train net output #0: loss = 0.0017455 (* 1 = 0.0017455 loss)
I0918 00:24:37.536890  5941 sgd_solver.cpp:106] Iteration 5772, lr = 0.01
I0918 00:30:02.593567  5941 solver.cpp:242] Iteration 5928 (0.479923 iter/s, 325.052s/156 iter), loss = 0.11551
I0918 00:30:02.594044  5941 solver.cpp:261]     Train net output #0: loss = 0.038296 (* 1 = 0.038296 loss)
I0918 00:30:02.594065  5941 sgd_solver.cpp:106] Iteration 5928, lr = 0.01
I0918 00:35:28.880928  5941 solver.cpp:242] Iteration 6084 (0.478113 iter/s, 326.282s/156 iter), loss = 0.0382048
I0918 00:35:28.881041  5941 solver.cpp:261]     Train net output #0: loss = 0.0245512 (* 1 = 0.0245512 loss)
I0918 00:35:28.881059  5941 sgd_solver.cpp:106] Iteration 6084, lr = 0.01
I0918 00:40:56.202939  5941 solver.cpp:242] Iteration 6240 (0.476602 iter/s, 327.317s/156 iter), loss = 0.0267568
I0918 00:40:56.203047  5941 solver.cpp:261]     Train net output #0: loss = 0.052506 (* 1 = 0.052506 loss)
I0918 00:40:56.203066  5941 sgd_solver.cpp:106] Iteration 6240, lr = 0.01
I0918 00:41:15.115106  5941 solver.cpp:479] Snapshotting to binary proto file snapshot_iter_6250.caffemodel
I0918 00:43:52.788264  5941 sgd_solver.cpp:273] Snapshotting solver state to binary proto file snapshot_iter_6250.solverstate
I0918 00:43:55.972784  5941 solver.cpp:362] Iteration 6250, Testing net (#0)
I0918 00:43:55.972820  5941 net.cpp:723] Ignoring source layer train-data
I0918 00:44:29.495527  5941 solver.cpp:429]     Test net output #0: accuracy = 0.963458
I0918 00:44:29.495596  5941 solver.cpp:429]     Test net output #1: loss = 0.123196 (* 1 = 0.123196 loss)
I0918 00:49:43.385895  5941 solver.cpp:242] Iteration 6396 (0.295917 iter/s, 527.175s/156 iter), loss = 0.0438037
I0918 00:49:43.385994  5941 solver.cpp:261]     Train net output #0: loss = 0.056292 (* 1 = 0.056292 loss)
I0918 00:49:43.386013  5941 sgd_solver.cpp:106] Iteration 6396, lr = 0.01
I0918 00:55:10.725868  5941 solver.cpp:242] Iteration 6552 (0.476575 iter/s, 327.335s/156 iter), loss = 0.027761
I0918 00:55:10.725968  5941 solver.cpp:261]     Train net output #0: loss = 0.0344722 (* 1 = 0.0344722 loss)
I0918 00:55:10.725986  5941 sgd_solver.cpp:106] Iteration 6552, lr = 0.01
I0918 01:00:35.706384  5941 solver.cpp:242] Iteration 6708 (0.480035 iter/s, 324.976s/156 iter), loss = 0.0126425
I0918 01:00:35.706490  5941 solver.cpp:261]     Train net output #0: loss = 0.000355436 (* 1 = 0.000355436 loss)
I0918 01:00:35.706509  5941 sgd_solver.cpp:106] Iteration 6708, lr = 0.01
I0918 01:06:00.836603  5941 solver.cpp:242] Iteration 6864 (0.479814 iter/s, 325.126s/156 iter), loss = 0.017201
I0918 01:06:00.836688  5941 solver.cpp:261]     Train net output #0: loss = 0.0488608 (* 1 = 0.0488608 loss)
I0918 01:06:00.836707  5941 sgd_solver.cpp:106] Iteration 6864, lr = 0.01
I0918 01:11:30.280357  5941 solver.cpp:242] Iteration 7020 (0.473532 iter/s, 329.439s/156 iter), loss = 0.0142448
I0918 01:11:30.280475  5941 solver.cpp:261]     Train net output #0: loss = 0.00182895 (* 1 = 0.00182895 loss)
I0918 01:11:30.280496  5941 sgd_solver.cpp:106] Iteration 7020, lr = 0.01
I0918 01:16:55.296380  5941 solver.cpp:242] Iteration 7176 (0.479983 iter/s, 325.012s/156 iter), loss = 0.0167218
I0918 01:16:55.296800  5941 solver.cpp:261]     Train net output #0: loss = 0.00159292 (* 1 = 0.00159292 loss)
I0918 01:16:55.296829  5941 sgd_solver.cpp:106] Iteration 7176, lr = 0.01
I0918 01:22:20.481701  5941 solver.cpp:242] Iteration 7332 (0.479733 iter/s, 325.181s/156 iter), loss = 0.031214
I0918 01:22:20.481801  5941 solver.cpp:261]     Train net output #0: loss = 8.91132e-06 (* 1 = 8.91132e-06 loss)
I0918 01:22:20.481818  5941 sgd_solver.cpp:106] Iteration 7332, lr = 0.01
I0918 01:27:49.497361  5941 solver.cpp:242] Iteration 7488 (0.474148 iter/s, 329.011s/156 iter), loss = 0.0254128
I0918 01:27:49.497457  5941 solver.cpp:261]     Train net output #0: loss = 0.000702276 (* 1 = 0.000702276 loss)
I0918 01:27:49.497474  5941 sgd_solver.cpp:106] Iteration 7488, lr = 0.01
I0918 01:28:12.772116  5941 solver.cpp:479] Snapshotting to binary proto file snapshot_iter_7500.caffemodel
I0918 01:29:09.187665  5941 sgd_solver.cpp:273] Snapshotting solver state to binary proto file snapshot_iter_7500.solverstate
I0918 01:29:12.514194  5941 solver.cpp:362] Iteration 7500, Testing net (#0)
I0918 01:29:12.514230  5941 net.cpp:723] Ignoring source layer train-data
I0918 01:29:41.439479  5941 solver.cpp:429]     Test net output #0: accuracy = 0.970248
I0918 01:29:41.439677  5941 solver.cpp:429]     Test net output #1: loss = 0.0910299 (* 1 = 0.0910299 loss)
I0918 01:34:43.334031  5941 solver.cpp:242] Iteration 7644 (0.376966 iter/s, 413.831s/156 iter), loss = 0.0512304
I0918 01:34:43.334134  5941 solver.cpp:261]     Train net output #0: loss = 0.0419956 (* 1 = 0.0419956 loss)
I0918 01:34:43.334151  5941 sgd_solver.cpp:106] Iteration 7644, lr = 0.01
I0918 01:40:08.850672  5941 solver.cpp:242] Iteration 7800 (0.479245 iter/s, 325.512s/156 iter), loss = 0.0330711
I0918 01:40:08.850769  5941 solver.cpp:261]     Train net output #0: loss = 0.0306096 (* 1 = 0.0306096 loss)
I0918 01:40:08.850786  5941 sgd_solver.cpp:106] Iteration 7800, lr = 0.01
I0918 01:45:34.173418  5941 solver.cpp:242] Iteration 7956 (0.47953 iter/s, 325.319s/156 iter), loss = 0.0108363
I0918 01:45:34.173501  5941 solver.cpp:261]     Train net output #0: loss = 0.00406064 (* 1 = 0.00406064 loss)
I0918 01:45:34.173518  5941 sgd_solver.cpp:106] Iteration 7956, lr = 0.01
I0918 01:51:03.515848  5941 solver.cpp:242] Iteration 8112 (0.473678 iter/s, 329.338s/156 iter), loss = 0.00533623
I0918 01:51:03.515933  5941 solver.cpp:261]     Train net output #0: loss = 0.00773719 (* 1 = 0.00773719 loss)
I0918 01:51:03.515950  5941 sgd_solver.cpp:106] Iteration 8112, lr = 0.01
I0918 01:56:29.148641  5941 solver.cpp:242] Iteration 8268 (0.479075 iter/s, 325.628s/156 iter), loss = 0.0348785
I0918 01:56:29.148727  5941 solver.cpp:261]     Train net output #0: loss = 0.137437 (* 1 = 0.137437 loss)
I0918 01:56:29.148746  5941 sgd_solver.cpp:106] Iteration 8268, lr = 0.01
I0918 02:01:54.201561  5941 solver.cpp:242] Iteration 8424 (0.479928 iter/s, 325.049s/156 iter), loss = 0.0159268
I0918 02:01:54.201666  5941 solver.cpp:261]     Train net output #0: loss = 0.0124408 (* 1 = 0.0124408 loss)
I0918 02:01:54.201683  5941 sgd_solver.cpp:106] Iteration 8424, lr = 0.01
I0918 02:07:23.517683  5941 solver.cpp:242] Iteration 8580 (0.473716 iter/s, 329.312s/156 iter), loss = 0.0437971
I0918 02:07:23.517791  5941 solver.cpp:261]     Train net output #0: loss = 0.000218619 (* 1 = 0.000218619 loss)
I0918 02:07:23.517809  5941 sgd_solver.cpp:106] Iteration 8580, lr = 0.01
I0918 02:12:48.590324  5941 solver.cpp:242] Iteration 8736 (0.479899 iter/s, 325.068s/156 iter), loss = 0.0239114
I0918 02:12:48.590423  5941 solver.cpp:261]     Train net output #0: loss = 0.000122414 (* 1 = 0.000122414 loss)
I0918 02:12:48.590440  5941 sgd_solver.cpp:106] Iteration 8736, lr = 0.01
I0918 02:13:15.782177  5941 solver.cpp:479] Snapshotting to binary proto file snapshot_iter_8750.caffemodel
I0918 02:15:20.079691  5941 sgd_solver.cpp:273] Snapshotting solver state to binary proto file snapshot_iter_8750.solverstate
I0918 02:15:23.987226  5941 solver.cpp:362] Iteration 8750, Testing net (#0)
I0918 02:15:23.987265  5941 net.cpp:723] Ignoring source layer train-data
I0918 02:15:56.479701  5941 solver.cpp:429]     Test net output #0: accuracy = 0.96845
I0918 02:15:56.479768  5941 solver.cpp:429]     Test net output #1: loss = 0.109566 (* 1 = 0.109566 loss)
I0918 02:20:54.220078  5941 solver.cpp:242] Iteration 8892 (0.321237 iter/s, 485.623s/156 iter), loss = 0.0750721
I0918 02:20:54.220170  5941 solver.cpp:261]     Train net output #0: loss = 0.0037758 (* 1 = 0.0037758 loss)
I0918 02:20:54.220188  5941 sgd_solver.cpp:106] Iteration 8892, lr = 0.01
I0918 02:26:23.968382  5941 solver.cpp:242] Iteration 9048 (0.473095 iter/s, 329.743s/156 iter), loss = 0.00554876
I0918 02:26:23.968565  5941 solver.cpp:261]     Train net output #0: loss = 0.0102539 (* 1 = 0.0102539 loss)
I0918 02:26:23.968585  5941 sgd_solver.cpp:106] Iteration 9048, lr = 0.01
I0918 02:31:50.924494  5941 solver.cpp:242] Iteration 9204 (0.477135 iter/s, 326.952s/156 iter), loss = 0.0041177
I0918 02:31:50.924593  5941 solver.cpp:261]     Train net output #0: loss = 0.000301772 (* 1 = 0.000301772 loss)
I0918 02:31:50.924612  5941 sgd_solver.cpp:106] Iteration 9204, lr = 0.01
I0918 02:37:17.274476  5941 solver.cpp:242] Iteration 9360 (0.478021 iter/s, 326.345s/156 iter), loss = 0.00278153
I0918 02:37:17.274662  5941 solver.cpp:261]     Train net output #0: loss = 0.00206569 (* 1 = 0.00206569 loss)
I0918 02:37:17.274678  5941 sgd_solver.cpp:106] Iteration 9360, lr = 0.01
I0918 02:42:42.583048  5941 solver.cpp:242] Iteration 9516 (0.479551 iter/s, 325.304s/156 iter), loss = 0.0169579
I0918 02:42:42.583148  5941 solver.cpp:261]     Train net output #0: loss = 0.0102025 (* 1 = 0.0102025 loss)
I0918 02:42:42.583168  5941 sgd_solver.cpp:106] Iteration 9516, lr = 0.01
I0918 02:48:07.718735  5941 solver.cpp:242] Iteration 9672 (0.479806 iter/s, 325.131s/156 iter), loss = 0.0106422
I0918 02:48:07.720160  5941 solver.cpp:261]     Train net output #0: loss = 8.70784e-05 (* 1 = 8.70784e-05 loss)
I0918 02:48:07.720180  5941 sgd_solver.cpp:106] Iteration 9672, lr = 0.01
I0918 02:53:37.608142  5941 solver.cpp:242] Iteration 9828 (0.472894 iter/s, 329.884s/156 iter), loss = 0.00472139
I0918 02:53:37.608253  5941 solver.cpp:261]     Train net output #0: loss = 0.0252732 (* 1 = 0.0252732 loss)
I0918 02:53:37.608271  5941 sgd_solver.cpp:106] Iteration 9828, lr = 0.01
I0918 02:59:07.335995  5941 solver.cpp:242] Iteration 9984 (0.473124 iter/s, 329.723s/156 iter), loss = 0.00881031
I0918 02:59:07.336103  5941 solver.cpp:261]     Train net output #0: loss = 0.00065446 (* 1 = 0.00065446 loss)
I0918 02:59:07.336122  5941 sgd_solver.cpp:106] Iteration 9984, lr = 0.01
I0918 02:59:39.860122  5941 solver.cpp:479] Snapshotting to binary proto file snapshot_iter_10000.caffemodel
I0918 03:01:19.202446  5941 sgd_solver.cpp:273] Snapshotting solver state to binary proto file snapshot_iter_10000.solverstate
I0918 03:01:22.872865  5941 solver.cpp:362] Iteration 10000, Testing net (#0)
I0918 03:01:22.872903  5941 net.cpp:723] Ignoring source layer train-data
I0918 03:01:56.318130  5941 solver.cpp:429]     Test net output #0: accuracy = 0.965256
I0918 03:01:56.318230  5941 solver.cpp:429]     Test net output #1: loss = 0.116535 (* 1 = 0.116535 loss)
